Analysis & Synthesis report for VGA_Ctrl
Thu Dec 21 10:35:30 2023
Quartus Prime Version 22.1std.2 Build 922 07/20/2023 SC Lite Edition


---------------------
; Table of Contents ;
---------------------
  1. Legal Notice
  2. Analysis & Synthesis Summary
  3. Analysis & Synthesis Settings
  4. Parallel Compilation
  5. Analysis & Synthesis Source Files Read
  6. Analysis & Synthesis Resource Usage Summary
  7. Analysis & Synthesis Resource Utilization by Entity
  8. Analysis & Synthesis DSP Block Usage Summary
  9. Analysis & Synthesis IP Cores Summary
 10. Registers Removed During Synthesis
 11. General Register Statistics
 12. Inverted Register Statistics
 13. Multiplexer Restructuring Statistics (Restructuring Performed)
 14. Parameter Settings for User Entity Instance: PLL:PLL_inst|altpll:altpll_component
 15. Parameter Settings for User Entity Instance: VGA_Ctrl:VGA_Ctrl_inst
 16. Parameter Settings for User Entity Instance: VGA_jpg:VGA_jpg_inst
 17. Parameter Settings for User Entity Instance: key_filter:key
 18. Parameter Settings for Inferred Entity Instance: VGA_jpg:VGA_jpg_inst|lpm_mult:Mult0
 19. Parameter Settings for Inferred Entity Instance: VGA_jpg:VGA_jpg_inst|lpm_mult:Mult1
 20. altpll Parameter Settings by Entity Instance
 21. lpm_mult Parameter Settings by Entity Instance
 22. Post-Synthesis Netlist Statistics for Top Partition
 23. Elapsed Time Per Partition
 24. Analysis & Synthesis Messages



----------------
; Legal Notice ;
----------------
Copyright (C) 2023  Intel Corporation. All rights reserved.
Your use of Intel Corporation's design tools, logic functions 
and other software and tools, and any partner logic 
functions, and any output files from any of the foregoing 
(including device programming or simulation files), and any 
associated documentation or information are expressly subject 
to the terms and conditions of the Intel Program License 
Subscription Agreement, the Intel Quartus Prime License Agreement,
the Intel FPGA IP License Agreement, or other applicable license
agreement, including, without limitation, that your use is for
the sole purpose of programming logic devices manufactured by
Intel and sold by Intel or its authorized distributors.  Please
refer to the applicable agreement for further details, at
https://fpgasoftware.intel.com/eula.



+-------------------------------------------------------------------------------------+
; Analysis & Synthesis Summary                                                        ;
+------------------------------------+------------------------------------------------+
; Analysis & Synthesis Status        ; Successful - Thu Dec 21 10:35:30 2023          ;
; Quartus Prime Version              ; 22.1std.2 Build 922 07/20/2023 SC Lite Edition ;
; Revision Name                      ; VGA_Ctrl                                       ;
; Top-level Entity Name              ; VGA_Top                                        ;
; Family                             ; Cyclone IV E                                   ;
; Total logic elements               ; 169                                            ;
;     Total combinational functions  ; 164                                            ;
;     Dedicated logic registers      ; 56                                             ;
; Total registers                    ; 56                                             ;
; Total pins                         ; 22                                             ;
; Total virtual pins                 ; 0                                              ;
; Total memory bits                  ; 0                                              ;
; Embedded Multiplier 9-bit elements ; 4                                              ;
; Total PLLs                         ; 1                                              ;
+------------------------------------+------------------------------------------------+


+------------------------------------------------------------------------------------------------------------+
; Analysis & Synthesis Settings                                                                              ;
+------------------------------------------------------------------+--------------------+--------------------+
; Option                                                           ; Setting            ; Default Value      ;
+------------------------------------------------------------------+--------------------+--------------------+
; Device                                                           ; EP4CE15F23C8       ;                    ;
; Top-level entity name                                            ; VGA_Top            ; VGA_Ctrl           ;
; Family name                                                      ; Cyclone IV E       ; Cyclone V          ;
; Use smart compilation                                            ; Off                ; Off                ;
; Enable parallel Assembler and Timing Analyzer during compilation ; On                 ; On                 ;
; Enable compact report table                                      ; Off                ; Off                ;
; Restructure Multiplexers                                         ; Auto               ; Auto               ;
; Create Debugging Nodes for IP Cores                              ; Off                ; Off                ;
; Preserve fewer node names                                        ; On                 ; On                 ;
; Intel FPGA IP Evaluation Mode                                    ; Enable             ; Enable             ;
; Verilog Version                                                  ; Verilog_2001       ; Verilog_2001       ;
; VHDL Version                                                     ; VHDL_1993          ; VHDL_1993          ;
; State Machine Processing                                         ; Auto               ; Auto               ;
; Safe State Machine                                               ; Off                ; Off                ;
; Extract Verilog State Machines                                   ; On                 ; On                 ;
; Extract VHDL State Machines                                      ; On                 ; On                 ;
; Ignore Verilog initial constructs                                ; Off                ; Off                ;
; Iteration limit for constant Verilog loops                       ; 5000               ; 5000               ;
; Iteration limit for non-constant Verilog loops                   ; 250                ; 250                ;
; Add Pass-Through Logic to Inferred RAMs                          ; On                 ; On                 ;
; Infer RAMs from Raw Logic                                        ; On                 ; On                 ;
; Parallel Synthesis                                               ; On                 ; On                 ;
; DSP Block Balancing                                              ; Auto               ; Auto               ;
; NOT Gate Push-Back                                               ; On                 ; On                 ;
; Power-Up Don't Care                                              ; On                 ; On                 ;
; Remove Redundant Logic Cells                                     ; Off                ; Off                ;
; Remove Duplicate Registers                                       ; On                 ; On                 ;
; Ignore CARRY Buffers                                             ; Off                ; Off                ;
; Ignore CASCADE Buffers                                           ; Off                ; Off                ;
; Ignore GLOBAL Buffers                                            ; Off                ; Off                ;
; Ignore ROW GLOBAL Buffers                                        ; Off                ; Off                ;
; Ignore LCELL Buffers                                             ; Off                ; Off                ;
; Ignore SOFT Buffers                                              ; On                 ; On                 ;
; Limit AHDL Integers to 32 Bits                                   ; Off                ; Off                ;
; Optimization Technique                                           ; Balanced           ; Balanced           ;
; Carry Chain Length                                               ; 70                 ; 70                 ;
; Auto Carry Chains                                                ; On                 ; On                 ;
; Auto Open-Drain Pins                                             ; On                 ; On                 ;
; Perform WYSIWYG Primitive Resynthesis                            ; Off                ; Off                ;
; Auto ROM Replacement                                             ; On                 ; On                 ;
; Auto RAM Replacement                                             ; On                 ; On                 ;
; Auto DSP Block Replacement                                       ; On                 ; On                 ;
; Auto Shift Register Replacement                                  ; Auto               ; Auto               ;
; Allow Shift Register Merging across Hierarchies                  ; Auto               ; Auto               ;
; Auto Clock Enable Replacement                                    ; On                 ; On                 ;
; Strict RAM Replacement                                           ; Off                ; Off                ;
; Allow Synchronous Control Signals                                ; On                 ; On                 ;
; Force Use of Synchronous Clear Signals                           ; Off                ; Off                ;
; Auto RAM Block Balancing                                         ; On                 ; On                 ;
; Auto RAM to Logic Cell Conversion                                ; Off                ; Off                ;
; Auto Resource Sharing                                            ; Off                ; Off                ;
; Allow Any RAM Size For Recognition                               ; Off                ; Off                ;
; Allow Any ROM Size For Recognition                               ; Off                ; Off                ;
; Allow Any Shift Register Size For Recognition                    ; Off                ; Off                ;
; Use LogicLock Constraints during Resource Balancing              ; On                 ; On                 ;
; Ignore translate_off and synthesis_off directives                ; Off                ; Off                ;
; Timing-Driven Synthesis                                          ; On                 ; On                 ;
; Report Parameter Settings                                        ; On                 ; On                 ;
; Report Source Assignments                                        ; On                 ; On                 ;
; Report Connectivity Checks                                       ; On                 ; On                 ;
; Ignore Maximum Fan-Out Assignments                               ; Off                ; Off                ;
; Synchronization Register Chain Length                            ; 2                  ; 2                  ;
; Power Optimization During Synthesis                              ; Normal compilation ; Normal compilation ;
; HDL message level                                                ; Level2             ; Level2             ;
; Suppress Register Optimization Related Messages                  ; Off                ; Off                ;
; Number of Removed Registers Reported in Synthesis Report         ; 5000               ; 5000               ;
; Number of Swept Nodes Reported in Synthesis Report               ; 5000               ; 5000               ;
; Number of Inverted Registers Reported in Synthesis Report        ; 100                ; 100                ;
; Clock MUX Protection                                             ; On                 ; On                 ;
; Auto Gated Clock Conversion                                      ; Off                ; Off                ;
; Block Design Naming                                              ; Auto               ; Auto               ;
; SDC constraint protection                                        ; Off                ; Off                ;
; Synthesis Effort                                                 ; Auto               ; Auto               ;
; Shift Register Replacement - Allow Asynchronous Clear Signal     ; On                 ; On                 ;
; Pre-Mapping Resynthesis Optimization                             ; Off                ; Off                ;
; Analysis & Synthesis Message Level                               ; Medium             ; Medium             ;
; Disable Register Merging Across Hierarchies                      ; Auto               ; Auto               ;
; Resource Aware Inference For Block RAM                           ; On                 ; On                 ;
+------------------------------------------------------------------+--------------------+--------------------+


+------------------------------------------+
; Parallel Compilation                     ;
+----------------------------+-------------+
; Processors                 ; Number      ;
+----------------------------+-------------+
; Number detected on machine ; 16          ;
; Maximum allowed            ; 16          ;
;                            ;             ;
; Average used               ; 1.00        ;
; Maximum used               ; 16          ;
;                            ;             ;
; Usage by Processor         ; % Time Used ;
;     Processor 1            ; 100.0%      ;
;     Processors 2-16        ;   0.0%      ;
+----------------------------+-------------+


+-----------------------------------------------------------------------------------------------------------------------------------------------------------------------------+
; Analysis & Synthesis Source Files Read                                                                                                                                      ;
+----------------------------------+-----------------+------------------------------+-------------------------------------------------------------------------------+---------+
; File Name with User-Entered Path ; Used in Netlist ; File Type                    ; File Name with Absolute Path                                                  ; Library ;
+----------------------------------+-----------------+------------------------------+-------------------------------------------------------------------------------+---------+
; rtl/key.v                        ; yes             ; User Verilog HDL File        ; D:/Users/Unitn i/Documents/Project/FPGA/course experiment/VGA/rtl/key.v       ;         ;
; rtl/VGA_Top.v                    ; yes             ; User Verilog HDL File        ; D:/Users/Unitn i/Documents/Project/FPGA/course experiment/VGA/rtl/VGA_Top.v   ;         ;
; rtl/VGA_jpg.v                    ; yes             ; User Verilog HDL File        ; D:/Users/Unitn i/Documents/Project/FPGA/course experiment/VGA/rtl/VGA_jpg.v   ;         ;
; rtl/VGA_Ctrl.v                   ; yes             ; User Verilog HDL File        ; D:/Users/Unitn i/Documents/Project/FPGA/course experiment/VGA/rtl/VGA_Ctrl.v  ;         ;
; VGA/PLL.v                        ; yes             ; User Wizard-Generated File   ; D:/Users/Unitn i/Documents/Project/FPGA/course experiment/VGA/VGA/PLL.v       ;         ;
; altpll.tdf                       ; yes             ; Megafunction                 ; d:/app/quartus/quartus/libraries/megafunctions/altpll.tdf                     ;         ;
; aglobal221.inc                   ; yes             ; Megafunction                 ; d:/app/quartus/quartus/libraries/megafunctions/aglobal221.inc                 ;         ;
; stratix_pll.inc                  ; yes             ; Megafunction                 ; d:/app/quartus/quartus/libraries/megafunctions/stratix_pll.inc                ;         ;
; stratixii_pll.inc                ; yes             ; Megafunction                 ; d:/app/quartus/quartus/libraries/megafunctions/stratixii_pll.inc              ;         ;
; cycloneii_pll.inc                ; yes             ; Megafunction                 ; d:/app/quartus/quartus/libraries/megafunctions/cycloneii_pll.inc              ;         ;
; db/pll_altpll.v                  ; yes             ; Auto-Generated Megafunction  ; D:/Users/Unitn i/Documents/Project/FPGA/course experiment/VGA/db/pll_altpll.v ;         ;
; lpm_mult.tdf                     ; yes             ; Megafunction                 ; d:/app/quartus/quartus/libraries/megafunctions/lpm_mult.tdf                   ;         ;
; lpm_add_sub.inc                  ; yes             ; Megafunction                 ; d:/app/quartus/quartus/libraries/megafunctions/lpm_add_sub.inc                ;         ;
; multcore.inc                     ; yes             ; Megafunction                 ; d:/app/quartus/quartus/libraries/megafunctions/multcore.inc                   ;         ;
; bypassff.inc                     ; yes             ; Megafunction                 ; d:/app/quartus/quartus/libraries/megafunctions/bypassff.inc                   ;         ;
; altshift.inc                     ; yes             ; Megafunction                 ; d:/app/quartus/quartus/libraries/megafunctions/altshift.inc                   ;         ;
; db/mult_p5t.tdf                  ; yes             ; Auto-Generated Megafunction  ; D:/Users/Unitn i/Documents/Project/FPGA/course experiment/VGA/db/mult_p5t.tdf ;         ;
+----------------------------------+-----------------+------------------------------+-------------------------------------------------------------------------------+---------+


+-------------------------------------------------------------------------------------------------------------------------------+
; Analysis & Synthesis Resource Usage Summary                                                                                   ;
+---------------------------------------------+---------------------------------------------------------------------------------+
; Resource                                    ; Usage                                                                           ;
+---------------------------------------------+---------------------------------------------------------------------------------+
; Estimated Total logic elements              ; 169                                                                             ;
;                                             ;                                                                                 ;
; Total combinational functions               ; 164                                                                             ;
; Logic element usage by number of LUT inputs ;                                                                                 ;
;     -- 4 input functions                    ; 48                                                                              ;
;     -- 3 input functions                    ; 32                                                                              ;
;     -- <=2 input functions                  ; 84                                                                              ;
;                                             ;                                                                                 ;
; Logic elements by mode                      ;                                                                                 ;
;     -- normal mode                          ; 85                                                                              ;
;     -- arithmetic mode                      ; 79                                                                              ;
;                                             ;                                                                                 ;
; Total registers                             ; 56                                                                              ;
;     -- Dedicated logic registers            ; 56                                                                              ;
;     -- I/O registers                        ; 0                                                                               ;
;                                             ;                                                                                 ;
; I/O pins                                    ; 22                                                                              ;
;                                             ;                                                                                 ;
; Embedded Multiplier 9-bit elements          ; 4                                                                               ;
;                                             ;                                                                                 ;
; Total PLLs                                  ; 1                                                                               ;
;     -- PLLs                                 ; 1                                                                               ;
;                                             ;                                                                                 ;
; Maximum fan-out node                        ; PLL:PLL_inst|altpll:altpll_component|PLL_altpll:auto_generated|wire_pll1_clk[0] ;
; Maximum fan-out                             ; 58                                                                              ;
; Total fan-out                               ; 720                                                                             ;
; Average fan-out                             ; 2.68                                                                            ;
+---------------------------------------------+---------------------------------------------------------------------------------+


+------------------------------------------------------------------------------------------------------------------------------------------------------------------------------------------------------------------------------------------------------------------------+
; Analysis & Synthesis Resource Utilization by Entity                                                                                                                                                                                                                    ;
+--------------------------------------+---------------------+---------------------------+-------------+--------------+---------+-----------+------+--------------+-------------------------------------------------------------------------+-------------+--------------+
; Compilation Hierarchy Node           ; Combinational ALUTs ; Dedicated Logic Registers ; Memory Bits ; DSP Elements ; DSP 9x9 ; DSP 18x18 ; Pins ; Virtual Pins ; Full Hierarchy Name                                                     ; Entity Name ; Library Name ;
+--------------------------------------+---------------------+---------------------------+-------------+--------------+---------+-----------+------+--------------+-------------------------------------------------------------------------+-------------+--------------+
; |VGA_Top                             ; 164 (1)             ; 56 (0)                    ; 0           ; 4            ; 0       ; 2         ; 22   ; 0            ; |VGA_Top                                                                ; VGA_Top     ; work         ;
;    |PLL:PLL_inst|                    ; 0 (0)               ; 0 (0)                     ; 0           ; 0            ; 0       ; 0         ; 0    ; 0            ; |VGA_Top|PLL:PLL_inst                                                   ; PLL         ; work         ;
;       |altpll:altpll_component|      ; 0 (0)               ; 0 (0)                     ; 0           ; 0            ; 0       ; 0         ; 0    ; 0            ; |VGA_Top|PLL:PLL_inst|altpll:altpll_component                           ; altpll      ; work         ;
;          |PLL_altpll:auto_generated| ; 0 (0)               ; 0 (0)                     ; 0           ; 0            ; 0       ; 0         ; 0    ; 0            ; |VGA_Top|PLL:PLL_inst|altpll:altpll_component|PLL_altpll:auto_generated ; PLL_altpll  ; work         ;
;    |VGA_Ctrl:VGA_Ctrl_inst|          ; 71 (71)             ; 20 (20)                   ; 0           ; 0            ; 0       ; 0         ; 0    ; 0            ; |VGA_Top|VGA_Ctrl:VGA_Ctrl_inst                                         ; VGA_Ctrl    ; work         ;
;    |VGA_jpg:VGA_jpg_inst|            ; 57 (57)             ; 7 (7)                     ; 0           ; 4            ; 0       ; 2         ; 0    ; 0            ; |VGA_Top|VGA_jpg:VGA_jpg_inst                                           ; VGA_jpg     ; work         ;
;       |lpm_mult:Mult0|               ; 0 (0)               ; 0 (0)                     ; 0           ; 2            ; 0       ; 1         ; 0    ; 0            ; |VGA_Top|VGA_jpg:VGA_jpg_inst|lpm_mult:Mult0                            ; lpm_mult    ; work         ;
;          |mult_p5t:auto_generated|   ; 0 (0)               ; 0 (0)                     ; 0           ; 2            ; 0       ; 1         ; 0    ; 0            ; |VGA_Top|VGA_jpg:VGA_jpg_inst|lpm_mult:Mult0|mult_p5t:auto_generated    ; mult_p5t    ; work         ;
;       |lpm_mult:Mult1|               ; 0 (0)               ; 0 (0)                     ; 0           ; 2            ; 0       ; 1         ; 0    ; 0            ; |VGA_Top|VGA_jpg:VGA_jpg_inst|lpm_mult:Mult1                            ; lpm_mult    ; work         ;
;          |mult_p5t:auto_generated|   ; 0 (0)               ; 0 (0)                     ; 0           ; 2            ; 0       ; 1         ; 0    ; 0            ; |VGA_Top|VGA_jpg:VGA_jpg_inst|lpm_mult:Mult1|mult_p5t:auto_generated    ; mult_p5t    ; work         ;
;    |key_filter:key|                  ; 35 (35)             ; 29 (29)                   ; 0           ; 0            ; 0       ; 0         ; 0    ; 0            ; |VGA_Top|key_filter:key                                                 ; key_filter  ; work         ;
+--------------------------------------+---------------------+---------------------------+-------------+--------------+---------+-----------+------+--------------+-------------------------------------------------------------------------+-------------+--------------+
Note: For table entries with two numbers listed, the numbers in parentheses indicate the number of resources of the given type used by the specific entity alone. The numbers listed outside of parentheses indicate the total resources of the given type used by the specific entity and all of its sub-entities in the hierarchy.


+-----------------------------------------------------+
; Analysis & Synthesis DSP Block Usage Summary        ;
+---------------------------------------+-------------+
; Statistic                             ; Number Used ;
+---------------------------------------+-------------+
; Simple Multipliers (9-bit)            ; 0           ;
; Simple Multipliers (18-bit)           ; 2           ;
; Embedded Multiplier Blocks            ; --          ;
; Embedded Multiplier 9-bit elements    ; 4           ;
; Signed Embedded Multipliers           ; 2           ;
; Unsigned Embedded Multipliers         ; 0           ;
; Mixed Sign Embedded Multipliers       ; 0           ;
; Variable Sign Embedded Multipliers    ; 0           ;
; Dedicated Input Shift Register Chains ; 0           ;
+---------------------------------------+-------------+
Note: number of Embedded Multiplier Blocks used is only available after a successful fit.


+---------------------------------------------------------------------------------------------------------+
; Analysis & Synthesis IP Cores Summary                                                                   ;
+--------+--------------+---------+--------------+--------------+-----------------------+-----------------+
; Vendor ; IP Core Name ; Version ; Release Date ; License Type ; Entity Instance       ; IP Include File ;
+--------+--------------+---------+--------------+--------------+-----------------------+-----------------+
; Altera ; ALTPLL       ; 22.1    ; N/A          ; N/A          ; |VGA_Top|PLL:PLL_inst ; VGA/PLL.v       ;
+--------+--------------+---------+--------------+--------------+-----------------------+-----------------+


+-------------------------------------------------------------------------------------------+
; Registers Removed During Synthesis                                                        ;
+-----------------------------------------+-------------------------------------------------+
; Register name                           ; Reason for Removal                              ;
+-----------------------------------------+-------------------------------------------------+
; VGA_jpg:VGA_jpg_inst|jpg_colour[1..4]   ; Merged with VGA_jpg:VGA_jpg_inst|jpg_colour[0]  ;
; VGA_jpg:VGA_jpg_inst|jpg_colour[11..14] ; Merged with VGA_jpg:VGA_jpg_inst|jpg_colour[15] ;
; VGA_jpg:VGA_jpg_inst|jpg_colour[5..8]   ; Merged with VGA_jpg:VGA_jpg_inst|jpg_colour[9]  ;
; VGA_jpg:VGA_jpg_inst|jpg_colour[0]      ; Stuck at GND due to stuck port data_in          ;
; Total Number of Removed Registers = 13  ;                                                 ;
+-----------------------------------------+-------------------------------------------------+


+------------------------------------------------------+
; General Register Statistics                          ;
+----------------------------------------------+-------+
; Statistic                                    ; Value ;
+----------------------------------------------+-------+
; Total registers                              ; 56    ;
; Number of registers using Synchronous Clear  ; 20    ;
; Number of registers using Synchronous Load   ; 0     ;
; Number of registers using Asynchronous Clear ; 56    ;
; Number of registers using Asynchronous Load  ; 0     ;
; Number of registers using Clock Enable       ; 25    ;
; Number of registers using Preset             ; 0     ;
+----------------------------------------------+-------+


+--------------------------------------------------+
; Inverted Register Statistics                     ;
+----------------------------------------+---------+
; Inverted Register                      ; Fan out ;
+----------------------------------------+---------+
; VGA_jpg:VGA_jpg_inst|jpg[0]            ; 6       ;
; key_filter:key|key_r2[1]               ; 3       ;
; key_filter:key|key_r2[0]               ; 3       ;
; key_filter:key|key_r1[0]               ; 3       ;
; key_filter:key|key_r1[1]               ; 3       ;
; key_filter:key|key_r0[0]               ; 1       ;
; key_filter:key|key_r0[1]               ; 1       ;
; Total number of inverted registers = 7 ;         ;
+----------------------------------------+---------+


+-----------------------------------------------------------------------------------------------------------------------------------------------------------+
; Multiplexer Restructuring Statistics (Restructuring Performed)                                                                                            ;
+--------------------+-----------+---------------+----------------------+------------------------+------------+---------------------------------------------+
; Multiplexer Inputs ; Bus Width ; Baseline Area ; Area if Restructured ; Saving if Restructured ; Registered ; Example Multiplexer Output                  ;
+--------------------+-----------+---------------+----------------------+------------------------+------------+---------------------------------------------+
; 3:1                ; 10 bits   ; 20 LEs        ; 10 LEs               ; 10 LEs                 ; Yes        ; |VGA_Top|VGA_Ctrl:VGA_Ctrl_inst|cnt_v[9]    ;
; 3:1                ; 3 bits    ; 6 LEs         ; 3 LEs                ; 3 LEs                  ; Yes        ; |VGA_Top|VGA_jpg:VGA_jpg_inst|jpg[1]        ;
; 5:1                ; 2 bits    ; 6 LEs         ; 4 LEs                ; 2 LEs                  ; Yes        ; |VGA_Top|VGA_jpg:VGA_jpg_inst|jpg_colour[9] ;
+--------------------+-----------+---------------+----------------------+------------------------+------------+---------------------------------------------+


+-----------------------------------------------------------------------------------+
; Parameter Settings for User Entity Instance: PLL:PLL_inst|altpll:altpll_component ;
+-------------------------------+-----------------------+---------------------------+
; Parameter Name                ; Value                 ; Type                      ;
+-------------------------------+-----------------------+---------------------------+
; OPERATION_MODE                ; NORMAL                ; Untyped                   ;
; PLL_TYPE                      ; AUTO                  ; Untyped                   ;
; LPM_HINT                      ; CBX_MODULE_PREFIX=PLL ; Untyped                   ;
; QUALIFY_CONF_DONE             ; OFF                   ; Untyped                   ;
; COMPENSATE_CLOCK              ; CLK0                  ; Untyped                   ;
; SCAN_CHAIN                    ; LONG                  ; Untyped                   ;
; PRIMARY_CLOCK                 ; INCLK0                ; Untyped                   ;
; INCLK0_INPUT_FREQUENCY        ; 20000                 ; Signed Integer            ;
; INCLK1_INPUT_FREQUENCY        ; 0                     ; Untyped                   ;
; GATE_LOCK_SIGNAL              ; NO                    ; Untyped                   ;
; GATE_LOCK_COUNTER             ; 0                     ; Untyped                   ;
; LOCK_HIGH                     ; 1                     ; Untyped                   ;
; LOCK_LOW                      ; 1                     ; Untyped                   ;
; VALID_LOCK_MULTIPLIER         ; 1                     ; Untyped                   ;
; INVALID_LOCK_MULTIPLIER       ; 5                     ; Untyped                   ;
; SWITCH_OVER_ON_LOSSCLK        ; OFF                   ; Untyped                   ;
; SWITCH_OVER_ON_GATED_LOCK     ; OFF                   ; Untyped                   ;
; ENABLE_SWITCH_OVER_COUNTER    ; OFF                   ; Untyped                   ;
; SKIP_VCO                      ; OFF                   ; Untyped                   ;
; SWITCH_OVER_COUNTER           ; 0                     ; Untyped                   ;
; SWITCH_OVER_TYPE              ; AUTO                  ; Untyped                   ;
; FEEDBACK_SOURCE               ; EXTCLK0               ; Untyped                   ;
; BANDWIDTH                     ; 0                     ; Untyped                   ;
; BANDWIDTH_TYPE                ; AUTO                  ; Untyped                   ;
; SPREAD_FREQUENCY              ; 0                     ; Untyped                   ;
; DOWN_SPREAD                   ; 0                     ; Untyped                   ;
; SELF_RESET_ON_GATED_LOSS_LOCK ; OFF                   ; Untyped                   ;
; SELF_RESET_ON_LOSS_LOCK       ; OFF                   ; Untyped                   ;
; CLK9_MULTIPLY_BY              ; 0                     ; Untyped                   ;
; CLK8_MULTIPLY_BY              ; 0                     ; Untyped                   ;
; CLK7_MULTIPLY_BY              ; 0                     ; Untyped                   ;
; CLK6_MULTIPLY_BY              ; 0                     ; Untyped                   ;
; CLK5_MULTIPLY_BY              ; 1                     ; Untyped                   ;
; CLK4_MULTIPLY_BY              ; 1                     ; Untyped                   ;
; CLK3_MULTIPLY_BY              ; 1                     ; Untyped                   ;
; CLK2_MULTIPLY_BY              ; 1                     ; Untyped                   ;
; CLK1_MULTIPLY_BY              ; 1                     ; Untyped                   ;
; CLK0_MULTIPLY_BY              ; 1                     ; Signed Integer            ;
; CLK9_DIVIDE_BY                ; 0                     ; Untyped                   ;
; CLK8_DIVIDE_BY                ; 0                     ; Untyped                   ;
; CLK7_DIVIDE_BY                ; 0                     ; Untyped                   ;
; CLK6_DIVIDE_BY                ; 0                     ; Untyped                   ;
; CLK5_DIVIDE_BY                ; 1                     ; Untyped                   ;
; CLK4_DIVIDE_BY                ; 1                     ; Untyped                   ;
; CLK3_DIVIDE_BY                ; 1                     ; Untyped                   ;
; CLK2_DIVIDE_BY                ; 1                     ; Untyped                   ;
; CLK1_DIVIDE_BY                ; 1                     ; Untyped                   ;
; CLK0_DIVIDE_BY                ; 2                     ; Signed Integer            ;
; CLK9_PHASE_SHIFT              ; 0                     ; Untyped                   ;
; CLK8_PHASE_SHIFT              ; 0                     ; Untyped                   ;
; CLK7_PHASE_SHIFT              ; 0                     ; Untyped                   ;
; CLK6_PHASE_SHIFT              ; 0                     ; Untyped                   ;
; CLK5_PHASE_SHIFT              ; 0                     ; Untyped                   ;
; CLK4_PHASE_SHIFT              ; 0                     ; Untyped                   ;
; CLK3_PHASE_SHIFT              ; 0                     ; Untyped                   ;
; CLK2_PHASE_SHIFT              ; 0                     ; Untyped                   ;
; CLK1_PHASE_SHIFT              ; 0                     ; Untyped                   ;
; CLK0_PHASE_SHIFT              ; 0                     ; Untyped                   ;
; CLK5_TIME_DELAY               ; 0                     ; Untyped                   ;
; CLK4_TIME_DELAY               ; 0                     ; Untyped                   ;
; CLK3_TIME_DELAY               ; 0                     ; Untyped                   ;
; CLK2_TIME_DELAY               ; 0                     ; Untyped                   ;
; CLK1_TIME_DELAY               ; 0                     ; Untyped                   ;
; CLK0_TIME_DELAY               ; 0                     ; Untyped                   ;
; CLK9_DUTY_CYCLE               ; 50                    ; Untyped                   ;
; CLK8_DUTY_CYCLE               ; 50                    ; Untyped                   ;
; CLK7_DUTY_CYCLE               ; 50                    ; Untyped                   ;
; CLK6_DUTY_CYCLE               ; 50                    ; Untyped                   ;
; CLK5_DUTY_CYCLE               ; 50                    ; Untyped                   ;
; CLK4_DUTY_CYCLE               ; 50                    ; Untyped                   ;
; CLK3_DUTY_CYCLE               ; 50                    ; Untyped                   ;
; CLK2_DUTY_CYCLE               ; 50                    ; Untyped                   ;
; CLK1_DUTY_CYCLE               ; 50                    ; Untyped                   ;
; CLK0_DUTY_CYCLE               ; 50                    ; Signed Integer            ;
; CLK9_USE_EVEN_COUNTER_MODE    ; OFF                   ; Untyped                   ;
; CLK8_USE_EVEN_COUNTER_MODE    ; OFF                   ; Untyped                   ;
; CLK7_USE_EVEN_COUNTER_MODE    ; OFF                   ; Untyped                   ;
; CLK6_USE_EVEN_COUNTER_MODE    ; OFF                   ; Untyped                   ;
; CLK5_USE_EVEN_COUNTER_MODE    ; OFF                   ; Untyped                   ;
; CLK4_USE_EVEN_COUNTER_MODE    ; OFF                   ; Untyped                   ;
; CLK3_USE_EVEN_COUNTER_MODE    ; OFF                   ; Untyped                   ;
; CLK2_USE_EVEN_COUNTER_MODE    ; OFF                   ; Untyped                   ;
; CLK1_USE_EVEN_COUNTER_MODE    ; OFF                   ; Untyped                   ;
; CLK0_USE_EVEN_COUNTER_MODE    ; OFF                   ; Untyped                   ;
; CLK9_USE_EVEN_COUNTER_VALUE   ; OFF                   ; Untyped                   ;
; CLK8_USE_EVEN_COUNTER_VALUE   ; OFF                   ; Untyped                   ;
; CLK7_USE_EVEN_COUNTER_VALUE   ; OFF                   ; Untyped                   ;
; CLK6_USE_EVEN_COUNTER_VALUE   ; OFF                   ; Untyped                   ;
; CLK5_USE_EVEN_COUNTER_VALUE   ; OFF                   ; Untyped                   ;
; CLK4_USE_EVEN_COUNTER_VALUE   ; OFF                   ; Untyped                   ;
; CLK3_USE_EVEN_COUNTER_VALUE   ; OFF                   ; Untyped                   ;
; CLK2_USE_EVEN_COUNTER_VALUE   ; OFF                   ; Untyped                   ;
; CLK1_USE_EVEN_COUNTER_VALUE   ; OFF                   ; Untyped                   ;
; CLK0_USE_EVEN_COUNTER_VALUE   ; OFF                   ; Untyped                   ;
; LOCK_WINDOW_UI                ;  0.05                 ; Untyped                   ;
; LOCK_WINDOW_UI_BITS           ; UNUSED                ; Untyped                   ;
; VCO_RANGE_DETECTOR_LOW_BITS   ; UNUSED                ; Untyped                   ;
; VCO_RANGE_DETECTOR_HIGH_BITS  ; UNUSED                ; Untyped                   ;
; DPA_MULTIPLY_BY               ; 0                     ; Untyped                   ;
; DPA_DIVIDE_BY                 ; 1                     ; Untyped                   ;
; DPA_DIVIDER                   ; 0                     ; Untyped                   ;
; EXTCLK3_MULTIPLY_BY           ; 1                     ; Untyped                   ;
; EXTCLK2_MULTIPLY_BY           ; 1                     ; Untyped                   ;
; EXTCLK1_MULTIPLY_BY           ; 1                     ; Untyped                   ;
; EXTCLK0_MULTIPLY_BY           ; 1                     ; Untyped                   ;
; EXTCLK3_DIVIDE_BY             ; 1                     ; Untyped                   ;
; EXTCLK2_DIVIDE_BY             ; 1                     ; Untyped                   ;
; EXTCLK1_DIVIDE_BY             ; 1                     ; Untyped                   ;
; EXTCLK0_DIVIDE_BY             ; 1                     ; Untyped                   ;
; EXTCLK3_PHASE_SHIFT           ; 0                     ; Untyped                   ;
; EXTCLK2_PHASE_SHIFT           ; 0                     ; Untyped                   ;
; EXTCLK1_PHASE_SHIFT           ; 0                     ; Untyped                   ;
; EXTCLK0_PHASE_SHIFT           ; 0                     ; Untyped                   ;
; EXTCLK3_TIME_DELAY            ; 0                     ; Untyped                   ;
; EXTCLK2_TIME_DELAY            ; 0                     ; Untyped                   ;
; EXTCLK1_TIME_DELAY            ; 0                     ; Untyped                   ;
; EXTCLK0_TIME_DELAY            ; 0                     ; Untyped                   ;
; EXTCLK3_DUTY_CYCLE            ; 50                    ; Untyped                   ;
; EXTCLK2_DUTY_CYCLE            ; 50                    ; Untyped                   ;
; EXTCLK1_DUTY_CYCLE            ; 50                    ; Untyped                   ;
; EXTCLK0_DUTY_CYCLE            ; 50                    ; Untyped                   ;
; VCO_MULTIPLY_BY               ; 0                     ; Untyped                   ;
; VCO_DIVIDE_BY                 ; 0                     ; Untyped                   ;
; SCLKOUT0_PHASE_SHIFT          ; 0                     ; Untyped                   ;
; SCLKOUT1_PHASE_SHIFT          ; 0                     ; Untyped                   ;
; VCO_MIN                       ; 0                     ; Untyped                   ;
; VCO_MAX                       ; 0                     ; Untyped                   ;
; VCO_CENTER                    ; 0                     ; Untyped                   ;
; PFD_MIN                       ; 0                     ; Untyped                   ;
; PFD_MAX                       ; 0                     ; Untyped                   ;
; M_INITIAL                     ; 0                     ; Untyped                   ;
; M                             ; 0                     ; Untyped                   ;
; N                             ; 1                     ; Untyped                   ;
; M2                            ; 1                     ; Untyped                   ;
; N2                            ; 1                     ; Untyped                   ;
; SS                            ; 1                     ; Untyped                   ;
; C0_HIGH                       ; 0                     ; Untyped                   ;
; C1_HIGH                       ; 0                     ; Untyped                   ;
; C2_HIGH                       ; 0                     ; Untyped                   ;
; C3_HIGH                       ; 0                     ; Untyped                   ;
; C4_HIGH                       ; 0                     ; Untyped                   ;
; C5_HIGH                       ; 0                     ; Untyped                   ;
; C6_HIGH                       ; 0                     ; Untyped                   ;
; C7_HIGH                       ; 0                     ; Untyped                   ;
; C8_HIGH                       ; 0                     ; Untyped                   ;
; C9_HIGH                       ; 0                     ; Untyped                   ;
; C0_LOW                        ; 0                     ; Untyped                   ;
; C1_LOW                        ; 0                     ; Untyped                   ;
; C2_LOW                        ; 0                     ; Untyped                   ;
; C3_LOW                        ; 0                     ; Untyped                   ;
; C4_LOW                        ; 0                     ; Untyped                   ;
; C5_LOW                        ; 0                     ; Untyped                   ;
; C6_LOW                        ; 0                     ; Untyped                   ;
; C7_LOW                        ; 0                     ; Untyped                   ;
; C8_LOW                        ; 0                     ; Untyped                   ;
; C9_LOW                        ; 0                     ; Untyped                   ;
; C0_INITIAL                    ; 0                     ; Untyped                   ;
; C1_INITIAL                    ; 0                     ; Untyped                   ;
; C2_INITIAL                    ; 0                     ; Untyped                   ;
; C3_INITIAL                    ; 0                     ; Untyped                   ;
; C4_INITIAL                    ; 0                     ; Untyped                   ;
; C5_INITIAL                    ; 0                     ; Untyped                   ;
; C6_INITIAL                    ; 0                     ; Untyped                   ;
; C7_INITIAL                    ; 0                     ; Untyped                   ;
; C8_INITIAL                    ; 0                     ; Untyped                   ;
; C9_INITIAL                    ; 0                     ; Untyped                   ;
; C0_MODE                       ; BYPASS                ; Untyped                   ;
; C1_MODE                       ; BYPASS                ; Untyped                   ;
; C2_MODE                       ; BYPASS                ; Untyped                   ;
; C3_MODE                       ; BYPASS                ; Untyped                   ;
; C4_MODE                       ; BYPASS                ; Untyped                   ;
; C5_MODE                       ; BYPASS                ; Untyped                   ;
; C6_MODE                       ; BYPASS                ; Untyped                   ;
; C7_MODE                       ; BYPASS                ; Untyped                   ;
; C8_MODE                       ; BYPASS                ; Untyped                   ;
; C9_MODE                       ; BYPASS                ; Untyped                   ;
; C0_PH                         ; 0                     ; Untyped                   ;
; C1_PH                         ; 0                     ; Untyped                   ;
; C2_PH                         ; 0                     ; Untyped                   ;
; C3_PH                         ; 0                     ; Untyped                   ;
; C4_PH                         ; 0                     ; Untyped                   ;
; C5_PH                         ; 0                     ; Untyped                   ;
; C6_PH                         ; 0                     ; Untyped                   ;
; C7_PH                         ; 0                     ; Untyped                   ;
; C8_PH                         ; 0                     ; Untyped                   ;
; C9_PH                         ; 0                     ; Untyped                   ;
; L0_HIGH                       ; 1                     ; Untyped                   ;
; L1_HIGH                       ; 1                     ; Untyped                   ;
; G0_HIGH                       ; 1                     ; Untyped                   ;
; G1_HIGH                       ; 1                     ; Untyped                   ;
; G2_HIGH                       ; 1                     ; Untyped                   ;
; G3_HIGH                       ; 1                     ; Untyped                   ;
; E0_HIGH                       ; 1                     ; Untyped                   ;
; E1_HIGH                       ; 1                     ; Untyped                   ;
; E2_HIGH                       ; 1                     ; Untyped                   ;
; E3_HIGH                       ; 1                     ; Untyped                   ;
; L0_LOW                        ; 1                     ; Untyped                   ;
; L1_LOW                        ; 1                     ; Untyped                   ;
; G0_LOW                        ; 1                     ; Untyped                   ;
; G1_LOW                        ; 1                     ; Untyped                   ;
; G2_LOW                        ; 1                     ; Untyped                   ;
; G3_LOW                        ; 1                     ; Untyped                   ;
; E0_LOW                        ; 1                     ; Untyped                   ;
; E1_LOW                        ; 1                     ; Untyped                   ;
; E2_LOW                        ; 1                     ; Untyped                   ;
; E3_LOW                        ; 1                     ; Untyped                   ;
; L0_INITIAL                    ; 1                     ; Untyped                   ;
; L1_INITIAL                    ; 1                     ; Untyped                   ;
; G0_INITIAL                    ; 1                     ; Untyped                   ;
; G1_INITIAL                    ; 1                     ; Untyped                   ;
; G2_INITIAL                    ; 1                     ; Untyped                   ;
; G3_INITIAL                    ; 1                     ; Untyped                   ;
; E0_INITIAL                    ; 1                     ; Untyped                   ;
; E1_INITIAL                    ; 1                     ; Untyped                   ;
; E2_INITIAL                    ; 1                     ; Untyped                   ;
; E3_INITIAL                    ; 1                     ; Untyped                   ;
; L0_MODE                       ; BYPASS                ; Untyped                   ;
; L1_MODE                       ; BYPASS                ; Untyped                   ;
; G0_MODE                       ; BYPASS                ; Untyped                   ;
; G1_MODE                       ; BYPASS                ; Untyped                   ;
; G2_MODE                       ; BYPASS                ; Untyped                   ;
; G3_MODE                       ; BYPASS                ; Untyped                   ;
; E0_MODE                       ; BYPASS                ; Untyped                   ;
; E1_MODE                       ; BYPASS                ; Untyped                   ;
; E2_MODE                       ; BYPASS                ; Untyped                   ;
; E3_MODE                       ; BYPASS                ; Untyped                   ;
; L0_PH                         ; 0                     ; Untyped                   ;
; L1_PH                         ; 0                     ; Untyped                   ;
; G0_PH                         ; 0                     ; Untyped                   ;
; G1_PH                         ; 0                     ; Untyped                   ;
; G2_PH                         ; 0                     ; Untyped                   ;
; G3_PH                         ; 0                     ; Untyped                   ;
; E0_PH                         ; 0                     ; Untyped                   ;
; E1_PH                         ; 0                     ; Untyped                   ;
; E2_PH                         ; 0                     ; Untyped                   ;
; E3_PH                         ; 0                     ; Untyped                   ;
; M_PH                          ; 0                     ; Untyped                   ;
; C1_USE_CASC_IN                ; OFF                   ; Untyped                   ;
; C2_USE_CASC_IN                ; OFF                   ; Untyped                   ;
; C3_USE_CASC_IN                ; OFF                   ; Untyped                   ;
; C4_USE_CASC_IN                ; OFF                   ; Untyped                   ;
; C5_USE_CASC_IN                ; OFF                   ; Untyped                   ;
; C6_USE_CASC_IN                ; OFF                   ; Untyped                   ;
; C7_USE_CASC_IN                ; OFF                   ; Untyped                   ;
; C8_USE_CASC_IN                ; OFF                   ; Untyped                   ;
; C9_USE_CASC_IN                ; OFF                   ; Untyped                   ;
; CLK0_COUNTER                  ; G0                    ; Untyped                   ;
; CLK1_COUNTER                  ; G0                    ; Untyped                   ;
; CLK2_COUNTER                  ; G0                    ; Untyped                   ;
; CLK3_COUNTER                  ; G0                    ; Untyped                   ;
; CLK4_COUNTER                  ; G0                    ; Untyped                   ;
; CLK5_COUNTER                  ; G0                    ; Untyped                   ;
; CLK6_COUNTER                  ; E0                    ; Untyped                   ;
; CLK7_COUNTER                  ; E1                    ; Untyped                   ;
; CLK8_COUNTER                  ; E2                    ; Untyped                   ;
; CLK9_COUNTER                  ; E3                    ; Untyped                   ;
; L0_TIME_DELAY                 ; 0                     ; Untyped                   ;
; L1_TIME_DELAY                 ; 0                     ; Untyped                   ;
; G0_TIME_DELAY                 ; 0                     ; Untyped                   ;
; G1_TIME_DELAY                 ; 0                     ; Untyped                   ;
; G2_TIME_DELAY                 ; 0                     ; Untyped                   ;
; G3_TIME_DELAY                 ; 0                     ; Untyped                   ;
; E0_TIME_DELAY                 ; 0                     ; Untyped                   ;
; E1_TIME_DELAY                 ; 0                     ; Untyped                   ;
; E2_TIME_DELAY                 ; 0                     ; Untyped                   ;
; E3_TIME_DELAY                 ; 0                     ; Untyped                   ;
; M_TIME_DELAY                  ; 0                     ; Untyped                   ;
; N_TIME_DELAY                  ; 0                     ; Untyped                   ;
; EXTCLK3_COUNTER               ; E3                    ; Untyped                   ;
; EXTCLK2_COUNTER               ; E2                    ; Untyped                   ;
; EXTCLK1_COUNTER               ; E1                    ; Untyped                   ;
; EXTCLK0_COUNTER               ; E0                    ; Untyped                   ;
; ENABLE0_COUNTER               ; L0                    ; Untyped                   ;
; ENABLE1_COUNTER               ; L0                    ; Untyped                   ;
; CHARGE_PUMP_CURRENT           ; 2                     ; Untyped                   ;
; LOOP_FILTER_R                 ;  1.000000             ; Untyped                   ;
; LOOP_FILTER_C                 ; 5                     ; Untyped                   ;
; CHARGE_PUMP_CURRENT_BITS      ; 9999                  ; Untyped                   ;
; LOOP_FILTER_R_BITS            ; 9999                  ; Untyped                   ;
; LOOP_FILTER_C_BITS            ; 9999                  ; Untyped                   ;
; VCO_POST_SCALE                ; 0                     ; Untyped                   ;
; CLK2_OUTPUT_FREQUENCY         ; 0                     ; Untyped                   ;
; CLK1_OUTPUT_FREQUENCY         ; 0                     ; Untyped                   ;
; CLK0_OUTPUT_FREQUENCY         ; 0                     ; Untyped                   ;
; INTENDED_DEVICE_FAMILY        ; Cyclone IV E          ; Untyped                   ;
; PORT_CLKENA0                  ; PORT_UNUSED           ; Untyped                   ;
; PORT_CLKENA1                  ; PORT_UNUSED           ; Untyped                   ;
; PORT_CLKENA2                  ; PORT_UNUSED           ; Untyped                   ;
; PORT_CLKENA3                  ; PORT_UNUSED           ; Untyped                   ;
; PORT_CLKENA4                  ; PORT_UNUSED           ; Untyped                   ;
; PORT_CLKENA5                  ; PORT_UNUSED           ; Untyped                   ;
; PORT_EXTCLKENA0               ; PORT_CONNECTIVITY     ; Untyped                   ;
; PORT_EXTCLKENA1               ; PORT_CONNECTIVITY     ; Untyped                   ;
; PORT_EXTCLKENA2               ; PORT_CONNECTIVITY     ; Untyped                   ;
; PORT_EXTCLKENA3               ; PORT_CONNECTIVITY     ; Untyped                   ;
; PORT_EXTCLK0                  ; PORT_UNUSED           ; Untyped                   ;
; PORT_EXTCLK1                  ; PORT_UNUSED           ; Untyped                   ;
; PORT_EXTCLK2                  ; PORT_UNUSED           ; Untyped                   ;
; PORT_EXTCLK3                  ; PORT_UNUSED           ; Untyped                   ;
; PORT_CLKBAD0                  ; PORT_UNUSED           ; Untyped                   ;
; PORT_CLKBAD1                  ; PORT_UNUSED           ; Untyped                   ;
; PORT_CLK0                     ; PORT_USED             ; Untyped                   ;
; PORT_CLK1                     ; PORT_UNUSED           ; Untyped                   ;
; PORT_CLK2                     ; PORT_UNUSED           ; Untyped                   ;
; PORT_CLK3                     ; PORT_UNUSED           ; Untyped                   ;
; PORT_CLK4                     ; PORT_UNUSED           ; Untyped                   ;
; PORT_CLK5                     ; PORT_UNUSED           ; Untyped                   ;
; PORT_CLK6                     ; PORT_UNUSED           ; Untyped                   ;
; PORT_CLK7                     ; PORT_UNUSED           ; Untyped                   ;
; PORT_CLK8                     ; PORT_UNUSED           ; Untyped                   ;
; PORT_CLK9                     ; PORT_UNUSED           ; Untyped                   ;
; PORT_SCANDATA                 ; PORT_UNUSED           ; Untyped                   ;
; PORT_SCANDATAOUT              ; PORT_UNUSED           ; Untyped                   ;
; PORT_SCANDONE                 ; PORT_UNUSED           ; Untyped                   ;
; PORT_SCLKOUT1                 ; PORT_CONNECTIVITY     ; Untyped                   ;
; PORT_SCLKOUT0                 ; PORT_CONNECTIVITY     ; Untyped                   ;
; PORT_ACTIVECLOCK              ; PORT_UNUSED           ; Untyped                   ;
; PORT_CLKLOSS                  ; PORT_UNUSED           ; Untyped                   ;
; PORT_INCLK1                   ; PORT_UNUSED           ; Untyped                   ;
; PORT_INCLK0                   ; PORT_USED             ; Untyped                   ;
; PORT_FBIN                     ; PORT_UNUSED           ; Untyped                   ;
; PORT_PLLENA                   ; PORT_UNUSED           ; Untyped                   ;
; PORT_CLKSWITCH                ; PORT_UNUSED           ; Untyped                   ;
; PORT_ARESET                   ; PORT_UNUSED           ; Untyped                   ;
; PORT_PFDENA                   ; PORT_UNUSED           ; Untyped                   ;
; PORT_SCANCLK                  ; PORT_UNUSED           ; Untyped                   ;
; PORT_SCANACLR                 ; PORT_UNUSED           ; Untyped                   ;
; PORT_SCANREAD                 ; PORT_UNUSED           ; Untyped                   ;
; PORT_SCANWRITE                ; PORT_UNUSED           ; Untyped                   ;
; PORT_ENABLE0                  ; PORT_CONNECTIVITY     ; Untyped                   ;
; PORT_ENABLE1                  ; PORT_CONNECTIVITY     ; Untyped                   ;
; PORT_LOCKED                   ; PORT_USED             ; Untyped                   ;
; PORT_CONFIGUPDATE             ; PORT_UNUSED           ; Untyped                   ;
; PORT_FBOUT                    ; PORT_CONNECTIVITY     ; Untyped                   ;
; PORT_PHASEDONE                ; PORT_UNUSED           ; Untyped                   ;
; PORT_PHASESTEP                ; PORT_UNUSED           ; Untyped                   ;
; PORT_PHASEUPDOWN              ; PORT_UNUSED           ; Untyped                   ;
; PORT_SCANCLKENA               ; PORT_UNUSED           ; Untyped                   ;
; PORT_PHASECOUNTERSELECT       ; PORT_UNUSED           ; Untyped                   ;
; PORT_VCOOVERRANGE             ; PORT_CONNECTIVITY     ; Untyped                   ;
; PORT_VCOUNDERRANGE            ; PORT_CONNECTIVITY     ; Untyped                   ;
; M_TEST_SOURCE                 ; 5                     ; Untyped                   ;
; C0_TEST_SOURCE                ; 5                     ; Untyped                   ;
; C1_TEST_SOURCE                ; 5                     ; Untyped                   ;
; C2_TEST_SOURCE                ; 5                     ; Untyped                   ;
; C3_TEST_SOURCE                ; 5                     ; Untyped                   ;
; C4_TEST_SOURCE                ; 5                     ; Untyped                   ;
; C5_TEST_SOURCE                ; 5                     ; Untyped                   ;
; C6_TEST_SOURCE                ; 5                     ; Untyped                   ;
; C7_TEST_SOURCE                ; 5                     ; Untyped                   ;
; C8_TEST_SOURCE                ; 5                     ; Untyped                   ;
; C9_TEST_SOURCE                ; 5                     ; Untyped                   ;
; CBXI_PARAMETER                ; PLL_altpll            ; Untyped                   ;
; VCO_FREQUENCY_CONTROL         ; AUTO                  ; Untyped                   ;
; VCO_PHASE_SHIFT_STEP          ; 0                     ; Untyped                   ;
; WIDTH_CLOCK                   ; 5                     ; Signed Integer            ;
; WIDTH_PHASECOUNTERSELECT      ; 4                     ; Untyped                   ;
; USING_FBMIMICBIDIR_PORT       ; OFF                   ; Untyped                   ;
; DEVICE_FAMILY                 ; Cyclone IV E          ; Untyped                   ;
; SCAN_CHAIN_MIF_FILE           ; UNUSED                ; Untyped                   ;
; SIM_GATE_LOCK_DEVICE_BEHAVIOR ; OFF                   ; Untyped                   ;
; AUTO_CARRY_CHAINS             ; ON                    ; AUTO_CARRY                ;
; IGNORE_CARRY_BUFFERS          ; OFF                   ; IGNORE_CARRY              ;
; AUTO_CASCADE_CHAINS           ; ON                    ; AUTO_CASCADE              ;
; IGNORE_CASCADE_BUFFERS        ; OFF                   ; IGNORE_CASCADE            ;
+-------------------------------+-----------------------+---------------------------+
Note: In order to hide this table in the UI and the text report file, please set the "Show Parameter Settings in Synthesis Report" option in "Analysis and Synthesis Settings -> More Settings" to "Off".


+---------------------------------------------------------------------+
; Parameter Settings for User Entity Instance: VGA_Ctrl:VGA_Ctrl_inst ;
+----------------+------------+---------------------------------------+
; Parameter Name ; Value      ; Type                                  ;
+----------------+------------+---------------------------------------+
; H_SYNC         ; 0001100000 ; Unsigned Binary                       ;
; H_BACK         ; 0000101000 ; Unsigned Binary                       ;
; H_LEFT         ; 0000001000 ; Unsigned Binary                       ;
; H_VALID        ; 1010000000 ; Unsigned Binary                       ;
; H_RIGHT        ; 0000001000 ; Unsigned Binary                       ;
; H_FRONT        ; 0000001000 ; Unsigned Binary                       ;
; H_TOTAL        ; 1100100000 ; Unsigned Binary                       ;
; V_SYNC         ; 0000000010 ; Unsigned Binary                       ;
; V_BACK         ; 0000011001 ; Unsigned Binary                       ;
; V_TOP          ; 0000001000 ; Unsigned Binary                       ;
; V_VALD         ; 0111100000 ; Unsigned Binary                       ;
; V_BOTTOM       ; 0000001000 ; Unsigned Binary                       ;
; V_FRONT        ; 0000000010 ; Unsigned Binary                       ;
; V_TOTAL        ; 1000001101 ; Unsigned Binary                       ;
+----------------+------------+---------------------------------------+
Note: In order to hide this table in the UI and the text report file, please set the "Show Parameter Settings in Synthesis Report" option in "Analysis and Synthesis Settings -> More Settings" to "Off".


+-------------------------------------------------------------------+
; Parameter Settings for User Entity Instance: VGA_jpg:VGA_jpg_inst ;
+----------------+------------------+-------------------------------+
; Parameter Name ; Value            ; Type                          ;
+----------------+------------------+-------------------------------+
; H_VALID        ; 1010000000       ; Unsigned Binary               ;
; V_VALID        ; 0111100000       ; Unsigned Binary               ;
; RED            ; 1111100000000000 ; Unsigned Binary               ;
; ORANGE         ; 1111110000000000 ; Unsigned Binary               ;
; YELLOW         ; 1111111111100000 ; Unsigned Binary               ;
; GREEN          ; 0000011111100000 ; Unsigned Binary               ;
; CYAN           ; 0000011111111111 ; Unsigned Binary               ;
; BLUE           ; 0000000000011111 ; Unsigned Binary               ;
; PURPPLE        ; 1111100000011111 ; Unsigned Binary               ;
; BLACK          ; 0000000000000000 ; Unsigned Binary               ;
; WHITE          ; 1111111111111111 ; Unsigned Binary               ;
; GRAY           ; 1101011010011010 ; Unsigned Binary               ;
+----------------+------------------+-------------------------------+
Note: In order to hide this table in the UI and the text report file, please set the "Show Parameter Settings in Synthesis Report" option in "Analysis and Synthesis Settings -> More Settings" to "Off".


+-------------------------------------------------------------+
; Parameter Settings for User Entity Instance: key_filter:key ;
+----------------+---------+----------------------------------+
; Parameter Name ; Value   ; Type                             ;
+----------------+---------+----------------------------------+
; KEY_W          ; 2       ; Signed Integer                   ;
; DELAY_TIME     ; 1000000 ; Signed Integer                   ;
+----------------+---------+----------------------------------+
Note: In order to hide this table in the UI and the text report file, please set the "Show Parameter Settings in Synthesis Report" option in "Analysis and Synthesis Settings -> More Settings" to "Off".


+--------------------------------------------------------------------------------------+
; Parameter Settings for Inferred Entity Instance: VGA_jpg:VGA_jpg_inst|lpm_mult:Mult0 ;
+------------------------------------------------+--------------+----------------------+
; Parameter Name                                 ; Value        ; Type                 ;
+------------------------------------------------+--------------+----------------------+
; AUTO_CARRY_CHAINS                              ; ON           ; AUTO_CARRY           ;
; IGNORE_CARRY_BUFFERS                           ; OFF          ; IGNORE_CARRY         ;
; AUTO_CASCADE_CHAINS                            ; ON           ; AUTO_CASCADE         ;
; IGNORE_CASCADE_BUFFERS                         ; OFF          ; IGNORE_CASCADE       ;
; LPM_WIDTHA                                     ; 11           ; Untyped              ;
; LPM_WIDTHB                                     ; 11           ; Untyped              ;
; LPM_WIDTHP                                     ; 22           ; Untyped              ;
; LPM_WIDTHR                                     ; 22           ; Untyped              ;
; LPM_WIDTHS                                     ; 1            ; Untyped              ;
; LPM_REPRESENTATION                             ; SIGNED       ; Untyped              ;
; LPM_PIPELINE                                   ; 0            ; Untyped              ;
; LATENCY                                        ; 0            ; Untyped              ;
; INPUT_A_IS_CONSTANT                            ; NO           ; Untyped              ;
; INPUT_B_IS_CONSTANT                            ; NO           ; Untyped              ;
; USE_EAB                                        ; OFF          ; Untyped              ;
; MAXIMIZE_SPEED                                 ; 6            ; Untyped              ;
; DEVICE_FAMILY                                  ; Cyclone IV E ; Untyped              ;
; CARRY_CHAIN                                    ; MANUAL       ; Untyped              ;
; APEX20K_TECHNOLOGY_MAPPER                      ; LUT          ; TECH_MAPPER_APEX20K  ;
; DEDICATED_MULTIPLIER_CIRCUITRY                 ; AUTO         ; Untyped              ;
; DEDICATED_MULTIPLIER_MIN_INPUT_WIDTH_FOR_AUTO  ; 0            ; Untyped              ;
; DEDICATED_MULTIPLIER_MIN_OUTPUT_WIDTH_FOR_AUTO ; 0            ; Untyped              ;
; CBXI_PARAMETER                                 ; mult_p5t     ; Untyped              ;
; INPUT_A_FIXED_VALUE                            ; Bx           ; Untyped              ;
; INPUT_B_FIXED_VALUE                            ; Bx           ; Untyped              ;
; USE_AHDL_IMPLEMENTATION                        ; OFF          ; Untyped              ;
+------------------------------------------------+--------------+----------------------+
Note: In order to hide this table in the UI and the text report file, please set the "Show Parameter Settings in Synthesis Report" option in "Analysis and Synthesis Settings -> More Settings" to "Off".


+--------------------------------------------------------------------------------------+
; Parameter Settings for Inferred Entity Instance: VGA_jpg:VGA_jpg_inst|lpm_mult:Mult1 ;
+------------------------------------------------+--------------+----------------------+
; Parameter Name                                 ; Value        ; Type                 ;
+------------------------------------------------+--------------+----------------------+
; AUTO_CARRY_CHAINS                              ; ON           ; AUTO_CARRY           ;
; IGNORE_CARRY_BUFFERS                           ; OFF          ; IGNORE_CARRY         ;
; AUTO_CASCADE_CHAINS                            ; ON           ; AUTO_CASCADE         ;
; IGNORE_CASCADE_BUFFERS                         ; OFF          ; IGNORE_CASCADE       ;
; LPM_WIDTHA                                     ; 11           ; Untyped              ;
; LPM_WIDTHB                                     ; 11           ; Untyped              ;
; LPM_WIDTHP                                     ; 22           ; Untyped              ;
; LPM_WIDTHR                                     ; 22           ; Untyped              ;
; LPM_WIDTHS                                     ; 1            ; Untyped              ;
; LPM_REPRESENTATION                             ; SIGNED       ; Untyped              ;
; LPM_PIPELINE                                   ; 0            ; Untyped              ;
; LATENCY                                        ; 0            ; Untyped              ;
; INPUT_A_IS_CONSTANT                            ; NO           ; Untyped              ;
; INPUT_B_IS_CONSTANT                            ; NO           ; Untyped              ;
; USE_EAB                                        ; OFF          ; Untyped              ;
; MAXIMIZE_SPEED                                 ; 6            ; Untyped              ;
; DEVICE_FAMILY                                  ; Cyclone IV E ; Untyped              ;
; CARRY_CHAIN                                    ; MANUAL       ; Untyped              ;
; APEX20K_TECHNOLOGY_MAPPER                      ; LUT          ; TECH_MAPPER_APEX20K  ;
; DEDICATED_MULTIPLIER_CIRCUITRY                 ; AUTO         ; Untyped              ;
; DEDICATED_MULTIPLIER_MIN_INPUT_WIDTH_FOR_AUTO  ; 0            ; Untyped              ;
; DEDICATED_MULTIPLIER_MIN_OUTPUT_WIDTH_FOR_AUTO ; 0            ; Untyped              ;
; CBXI_PARAMETER                                 ; mult_p5t     ; Untyped              ;
; INPUT_A_FIXED_VALUE                            ; Bx           ; Untyped              ;
; INPUT_B_FIXED_VALUE                            ; Bx           ; Untyped              ;
; USE_AHDL_IMPLEMENTATION                        ; OFF          ; Untyped              ;
+------------------------------------------------+--------------+----------------------+
Note: In order to hide this table in the UI and the text report file, please set the "Show Parameter Settings in Synthesis Report" option in "Analysis and Synthesis Settings -> More Settings" to "Off".


+----------------------------------------------------------------------+
; altpll Parameter Settings by Entity Instance                         ;
+-------------------------------+--------------------------------------+
; Name                          ; Value                                ;
+-------------------------------+--------------------------------------+
; Number of entity instances    ; 1                                    ;
; Entity Instance               ; PLL:PLL_inst|altpll:altpll_component ;
;     -- OPERATION_MODE         ; NORMAL                               ;
;     -- PLL_TYPE               ; AUTO                                 ;
;     -- PRIMARY_CLOCK          ; INCLK0                               ;
;     -- INCLK0_INPUT_FREQUENCY ; 20000                                ;
;     -- INCLK1_INPUT_FREQUENCY ; 0                                    ;
;     -- VCO_MULTIPLY_BY        ; 0                                    ;
;     -- VCO_DIVIDE_BY          ; 0                                    ;
+-------------------------------+--------------------------------------+


+-----------------------------------------------------------------------------+
; lpm_mult Parameter Settings by Entity Instance                              ;
+---------------------------------------+-------------------------------------+
; Name                                  ; Value                               ;
+---------------------------------------+-------------------------------------+
; Number of entity instances            ; 2                                   ;
; Entity Instance                       ; VGA_jpg:VGA_jpg_inst|lpm_mult:Mult0 ;
;     -- LPM_WIDTHA                     ; 11                                  ;
;     -- LPM_WIDTHB                     ; 11                                  ;
;     -- LPM_WIDTHP                     ; 22                                  ;
;     -- LPM_REPRESENTATION             ; SIGNED                              ;
;     -- INPUT_A_IS_CONSTANT            ; NO                                  ;
;     -- INPUT_B_IS_CONSTANT            ; NO                                  ;
;     -- USE_EAB                        ; OFF                                 ;
;     -- DEDICATED_MULTIPLIER_CIRCUITRY ; AUTO                                ;
;     -- INPUT_A_FIXED_VALUE            ; Bx                                  ;
;     -- INPUT_B_FIXED_VALUE            ; Bx                                  ;
; Entity Instance                       ; VGA_jpg:VGA_jpg_inst|lpm_mult:Mult1 ;
;     -- LPM_WIDTHA                     ; 11                                  ;
;     -- LPM_WIDTHB                     ; 11                                  ;
;     -- LPM_WIDTHP                     ; 22                                  ;
;     -- LPM_REPRESENTATION             ; SIGNED                              ;
;     -- INPUT_A_IS_CONSTANT            ; NO                                  ;
;     -- INPUT_B_IS_CONSTANT            ; NO                                  ;
;     -- USE_EAB                        ; OFF                                 ;
;     -- DEDICATED_MULTIPLIER_CIRCUITRY ; AUTO                                ;
;     -- INPUT_A_FIXED_VALUE            ; Bx                                  ;
;     -- INPUT_B_FIXED_VALUE            ; Bx                                  ;
+---------------------------------------+-------------------------------------+


+-----------------------------------------------------+
; Post-Synthesis Netlist Statistics for Top Partition ;
+-----------------------+-----------------------------+
; Type                  ; Count                       ;
+-----------------------+-----------------------------+
; boundary_port         ; 22                          ;
; cycloneiii_ff         ; 56                          ;
;     CLR               ; 31                          ;
;     ENA CLR           ; 5                           ;
;     ENA CLR SCLR      ; 20                          ;
; cycloneiii_lcell_comb ; 167                         ;
;     arith             ; 79                          ;
;         2 data inputs ; 54                          ;
;         3 data inputs ; 25                          ;
;     normal            ; 88                          ;
;         0 data inputs ; 3                           ;
;         1 data inputs ; 8                           ;
;         2 data inputs ; 22                          ;
;         3 data inputs ; 7                           ;
;         4 data inputs ; 48                          ;
; cycloneiii_mac_mult   ; 2                           ;
; cycloneiii_mac_out    ; 2                           ;
; cycloneiii_pll        ; 1                           ;
;                       ;                             ;
; Max LUT depth         ; 6.60                        ;
; Average LUT depth     ; 3.49                        ;
+-----------------------+-----------------------------+


+-------------------------------+
; Elapsed Time Per Partition    ;
+----------------+--------------+
; Partition Name ; Elapsed Time ;
+----------------+--------------+
; Top            ; 00:00:01     ;
+----------------+--------------+


+-------------------------------+
; Analysis & Synthesis Messages ;
+-------------------------------+
Info: *******************************************************************
Info: Running Quartus Prime Analysis & Synthesis
    Info: Version 22.1std.2 Build 922 07/20/2023 SC Lite Edition
    Info: Processing started: Thu Dec 21 10:35:17 2023
Info: Command: quartus_map --read_settings_files=on --write_settings_files=off VGA_Ctrl -c VGA_Ctrl
Warning (18236): Number of processors has not been specified which may cause overloading on shared machines.  Set the global assignment NUM_PARALLEL_PROCESSORS in your QSF to an appropriate value for best performance.
Info (20030): Parallel compilation is enabled and will use 16 of the 16 processors detected
Info (12021): Found 1 design units, including 1 entities, in source file rtl/key.v
    Info (12023): Found entity 1: key_filter File: D:/Users/Unitn i/Documents/Project/FPGA/course experiment/VGA/rtl/key.v Line: 1
Info (12021): Found 1 design units, including 1 entities, in source file rtl/vga_top.v
    Info (12023): Found entity 1: VGA_Top File: D:/Users/Unitn i/Documents/Project/FPGA/course experiment/VGA/rtl/VGA_Top.v Line: 6
Info (12021): Found 1 design units, including 1 entities, in source file rtl/vga_jpg.v
    Info (12023): Found entity 1: VGA_jpg File: D:/Users/Unitn i/Documents/Project/FPGA/course experiment/VGA/rtl/VGA_jpg.v Line: 5
Info (12021): Found 1 design units, including 1 entities, in source file rtl/vga_ctrl.v
    Info (12023): Found entity 1: VGA_Ctrl File: D:/Users/Unitn i/Documents/Project/FPGA/course experiment/VGA/rtl/VGA_Ctrl.v Line: 5
Info (12021): Found 1 design units, including 1 entities, in source file vga/pll.v
    Info (12023): Found entity 1: PLL File: D:/Users/Unitn i/Documents/Project/FPGA/course experiment/VGA/VGA/PLL.v Line: 40
Warning (10236): Verilog HDL Implicit Net warning at key.v(41): created implicit net for "n_edge" File: D:/Users/Unitn i/Documents/Project/FPGA/course experiment/VGA/rtl/key.v Line: 41
Warning (10236): Verilog HDL Implicit Net warning at key.v(43): created implicit net for "p_edge" File: D:/Users/Unitn i/Documents/Project/FPGA/course experiment/VGA/rtl/key.v Line: 43
Warning (10236): Verilog HDL Implicit Net warning at key.v(79): created implicit net for "add_cnt" File: D:/Users/Unitn i/Documents/Project/FPGA/course experiment/VGA/rtl/key.v Line: 79
Warning (10236): Verilog HDL Implicit Net warning at key.v(80): created implicit net for "end_cnt" File: D:/Users/Unitn i/Documents/Project/FPGA/course experiment/VGA/rtl/key.v Line: 80
Info (12127): Elaborating entity "VGA_Top" for the top level hierarchy
Info (12128): Elaborating entity "PLL" for hierarchy "PLL:PLL_inst" File: D:/Users/Unitn i/Documents/Project/FPGA/course experiment/VGA/rtl/VGA_Top.v Line: 42
Info (12128): Elaborating entity "altpll" for hierarchy "PLL:PLL_inst|altpll:altpll_component" File: D:/Users/Unitn i/Documents/Project/FPGA/course experiment/VGA/VGA/PLL.v Line: 95
Info (12130): Elaborated megafunction instantiation "PLL:PLL_inst|altpll:altpll_component" File: D:/Users/Unitn i/Documents/Project/FPGA/course experiment/VGA/VGA/PLL.v Line: 95
Info (12133): Instantiated megafunction "PLL:PLL_inst|altpll:altpll_component" with the following parameter: File: D:/Users/Unitn i/Documents/Project/FPGA/course experiment/VGA/VGA/PLL.v Line: 95
    Info (12134): Parameter "bandwidth_type" = "AUTO"
    Info (12134): Parameter "clk0_divide_by" = "2"
    Info (12134): Parameter "clk0_duty_cycle" = "50"
    Info (12134): Parameter "clk0_multiply_by" = "1"
    Info (12134): Parameter "clk0_phase_shift" = "0"
    Info (12134): Parameter "compensate_clock" = "CLK0"
    Info (12134): Parameter "inclk0_input_frequency" = "20000"
    Info (12134): Parameter "intended_device_family" = "Cyclone IV E"
    Info (12134): Parameter "lpm_hint" = "CBX_MODULE_PREFIX=PLL"
    Info (12134): Parameter "lpm_type" = "altpll"
    Info (12134): Parameter "operation_mode" = "NORMAL"
    Info (12134): Parameter "pll_type" = "AUTO"
    Info (12134): Parameter "port_activeclock" = "PORT_UNUSED"
    Info (12134): Parameter "port_areset" = "PORT_UNUSED"
    Info (12134): Parameter "port_clkbad0" = "PORT_UNUSED"
    Info (12134): Parameter "port_clkbad1" = "PORT_UNUSED"
    Info (12134): Parameter "port_clkloss" = "PORT_UNUSED"
    Info (12134): Parameter "port_clkswitch" = "PORT_UNUSED"
    Info (12134): Parameter "port_configupdate" = "PORT_UNUSED"
    Info (12134): Parameter "port_fbin" = "PORT_UNUSED"
    Info (12134): Parameter "port_inclk0" = "PORT_USED"
    Info (12134): Parameter "port_inclk1" = "PORT_UNUSED"
    Info (12134): Parameter "port_locked" = "PORT_USED"
    Info (12134): Parameter "port_pfdena" = "PORT_UNUSED"
    Info (12134): Parameter "port_phasecounterselect" = "PORT_UNUSED"
    Info (12134): Parameter "port_phasedone" = "PORT_UNUSED"
    Info (12134): Parameter "port_phasestep" = "PORT_UNUSED"
    Info (12134): Parameter "port_phaseupdown" = "PORT_UNUSED"
    Info (12134): Parameter "port_pllena" = "PORT_UNUSED"
    Info (12134): Parameter "port_scanaclr" = "PORT_UNUSED"
    Info (12134): Parameter "port_scanclk" = "PORT_UNUSED"
    Info (12134): Parameter "port_scanclkena" = "PORT_UNUSED"
    Info (12134): Parameter "port_scandata" = "PORT_UNUSED"
    Info (12134): Parameter "port_scandataout" = "PORT_UNUSED"
    Info (12134): Parameter "port_scandone" = "PORT_UNUSED"
    Info (12134): Parameter "port_scanread" = "PORT_UNUSED"
    Info (12134): Parameter "port_scanwrite" = "PORT_UNUSED"
    Info (12134): Parameter "port_clk0" = "PORT_USED"
    Info (12134): Parameter "port_clk1" = "PORT_UNUSED"
    Info (12134): Parameter "port_clk2" = "PORT_UNUSED"
    Info (12134): Parameter "port_clk3" = "PORT_UNUSED"
    Info (12134): Parameter "port_clk4" = "PORT_UNUSED"
    Info (12134): Parameter "port_clk5" = "PORT_UNUSED"
    Info (12134): Parameter "port_clkena0" = "PORT_UNUSED"
    Info (12134): Parameter "port_clkena1" = "PORT_UNUSED"
    Info (12134): Parameter "port_clkena2" = "PORT_UNUSED"
    Info (12134): Parameter "port_clkena3" = "PORT_UNUSED"
    Info (12134): Parameter "port_clkena4" = "PORT_UNUSED"
    Info (12134): Parameter "port_clkena5" = "PORT_UNUSED"
    Info (12134): Parameter "port_extclk0" = "PORT_UNUSED"
    Info (12134): Parameter "port_extclk1" = "PORT_UNUSED"
    Info (12134): Parameter "port_extclk2" = "PORT_UNUSED"
    Info (12134): Parameter "port_extclk3" = "PORT_UNUSED"
    Info (12134): Parameter "self_reset_on_loss_lock" = "OFF"
    Info (12134): Parameter "width_clock" = "5"
Info (12021): Found 1 design units, including 1 entities, in source file db/pll_altpll.v
    Info (12023): Found entity 1: PLL_altpll File: D:/Users/Unitn i/Documents/Project/FPGA/course experiment/VGA/db/pll_altpll.v Line: 30
Info (12128): Elaborating entity "PLL_altpll" for hierarchy "PLL:PLL_inst|altpll:altpll_component|PLL_altpll:auto_generated" File: d:/app/quartus/quartus/libraries/megafunctions/altpll.tdf Line: 898
Info (12128): Elaborating entity "VGA_Ctrl" for hierarchy "VGA_Ctrl:VGA_Ctrl_inst" File: D:/Users/Unitn i/Documents/Project/FPGA/course experiment/VGA/rtl/VGA_Top.v Line: 56
Info (12128): Elaborating entity "VGA_jpg" for hierarchy "VGA_jpg:VGA_jpg_inst" File: D:/Users/Unitn i/Documents/Project/FPGA/course experiment/VGA/rtl/VGA_Top.v Line: 69
Info (12128): Elaborating entity "key_filter" for hierarchy "key_filter:key" File: D:/Users/Unitn i/Documents/Project/FPGA/course experiment/VGA/rtl/VGA_Top.v Line: 77
Warning (10230): Verilog HDL assignment warning at key.v(26): truncated value with size 32 to match size of target (2) File: D:/Users/Unitn i/Documents/Project/FPGA/course experiment/VGA/rtl/key.v Line: 26
Warning (10230): Verilog HDL assignment warning at key.v(27): truncated value with size 32 to match size of target (2) File: D:/Users/Unitn i/Documents/Project/FPGA/course experiment/VGA/rtl/key.v Line: 27
Warning (10230): Verilog HDL assignment warning at key.v(28): truncated value with size 32 to match size of target (2) File: D:/Users/Unitn i/Documents/Project/FPGA/course experiment/VGA/rtl/key.v Line: 28
Warning (10230): Verilog HDL assignment warning at key.v(71): truncated value with size 32 to match size of target (20) File: D:/Users/Unitn i/Documents/Project/FPGA/course experiment/VGA/rtl/key.v Line: 71
Info (278001): Inferred 2 megafunctions from design logic
    Info (278003): Inferred multiplier megafunction ("lpm_mult") from the following logic: "VGA_jpg:VGA_jpg_inst|Mult0" File: D:/Users/Unitn i/Documents/Project/FPGA/course experiment/VGA/rtl/VGA_jpg.v Line: 81
    Info (278003): Inferred multiplier megafunction ("lpm_mult") from the following logic: "VGA_jpg:VGA_jpg_inst|Mult1" File: D:/Users/Unitn i/Documents/Project/FPGA/course experiment/VGA/rtl/VGA_jpg.v Line: 81
Info (12130): Elaborated megafunction instantiation "VGA_jpg:VGA_jpg_inst|lpm_mult:Mult0" File: D:/Users/Unitn i/Documents/Project/FPGA/course experiment/VGA/rtl/VGA_jpg.v Line: 81
Info (12133): Instantiated megafunction "VGA_jpg:VGA_jpg_inst|lpm_mult:Mult0" with the following parameter: File: D:/Users/Unitn i/Documents/Project/FPGA/course experiment/VGA/rtl/VGA_jpg.v Line: 81
    Info (12134): Parameter "LPM_WIDTHA" = "11"
    Info (12134): Parameter "LPM_WIDTHB" = "11"
    Info (12134): Parameter "LPM_WIDTHP" = "22"
    Info (12134): Parameter "LPM_WIDTHR" = "22"
    Info (12134): Parameter "LPM_WIDTHS" = "1"
    Info (12134): Parameter "LPM_REPRESENTATION" = "SIGNED"
    Info (12134): Parameter "INPUT_A_IS_CONSTANT" = "NO"
    Info (12134): Parameter "INPUT_B_IS_CONSTANT" = "NO"
    Info (12134): Parameter "MAXIMIZE_SPEED" = "6"
Info (12021): Found 1 design units, including 1 entities, in source file db/mult_p5t.tdf
    Info (12023): Found entity 1: mult_p5t File: D:/Users/Unitn i/Documents/Project/FPGA/course experiment/VGA/db/mult_p5t.tdf Line: 29
Info (13000): Registers with preset signals will power-up high File: D:/Users/Unitn i/Documents/Project/FPGA/course experiment/VGA/rtl/VGA_jpg.v Line: 65
Info (13003): DEV_CLRn pin will set, and not reset, register with preset signal due to NOT Gate Push-Back
Warning (13024): Output pins are stuck at VCC or GND
    Warning (13410): Pin "Rgb[0]" is stuck at GND File: D:/Users/Unitn i/Documents/Project/FPGA/course experiment/VGA/rtl/VGA_Top.v Line: 15
    Warning (13410): Pin "Rgb[1]" is stuck at GND File: D:/Users/Unitn i/Documents/Project/FPGA/course experiment/VGA/rtl/VGA_Top.v Line: 15
    Warning (13410): Pin "Rgb[2]" is stuck at GND File: D:/Users/Unitn i/Documents/Project/FPGA/course experiment/VGA/rtl/VGA_Top.v Line: 15
    Warning (13410): Pin "Rgb[3]" is stuck at GND File: D:/Users/Unitn i/Documents/Project/FPGA/course experiment/VGA/rtl/VGA_Top.v Line: 15
    Warning (13410): Pin "Rgb[4]" is stuck at GND File: D:/Users/Unitn i/Documents/Project/FPGA/course experiment/VGA/rtl/VGA_Top.v Line: 15
Info (286030): Timing-Driven Synthesis is running
Info (16010): Generating hard_block partition "hard_block:auto_generated_inst"
    Info (16011): Adding 1 node(s), including 0 DDIO, 1 PLL, 0 transceiver and 0 LCELL
Info (21057): Implemented 197 device resources after synthesis - the final resource count might be different
    Info (21058): Implemented 4 input pins
    Info (21059): Implemented 18 output pins
    Info (21061): Implemented 170 logic cells
    Info (21065): Implemented 1 PLLs
    Info (21062): Implemented 4 DSP elements
Info: Quartus Prime Analysis & Synthesis was successful. 0 errors, 15 warnings
    Info: Peak virtual memory: 4851 megabytes
    Info: Processing ended: Thu Dec 21 10:35:30 2023
    Info: Elapsed time: 00:00:13
    Info: Total CPU time (on all processors): 00:00:15


