Analysis & Synthesis report for SUM_Led
Sun Dec 10 00:45:02 2023
Quartus Prime Version 22.1std.2 Build 922 07/20/2023 SC Lite Edition


---------------------
; Table of Contents ;
---------------------
  1. Legal Notice
  2. Analysis & Synthesis Summary
  3. Analysis & Synthesis Settings
  4. Parallel Compilation
  5. Analysis & Synthesis Source Files Read
  6. Analysis & Synthesis Resource Usage Summary
  7. Analysis & Synthesis Resource Utilization by Entity
  8. Registers Removed During Synthesis
  9. General Register Statistics
 10. Inverted Register Statistics
 11. Multiplexer Restructuring Statistics (Restructuring Performed)
 12. Parameter Settings for User Entity Instance: Top-level Entity: |SUM_Led
 13. Parameter Settings for User Entity Instance: led:led1
 14. Parameter Settings for User Entity Instance: sum:sum1
 15. Parameter Settings for User Entity Instance: led:led2
 16. Port Connectivity Checks: "led:led2"
 17. Port Connectivity Checks: "led:led1"
 18. Post-Synthesis Netlist Statistics for Top Partition
 19. Elapsed Time Per Partition
 20. Analysis & Synthesis Messages
 21. Analysis & Synthesis Suppressed Messages



----------------
; Legal Notice ;
----------------
Copyright (C) 2023  Intel Corporation. All rights reserved.
Your use of Intel Corporation's design tools, logic functions 
and other software and tools, and any partner logic 
functions, and any output files from any of the foregoing 
(including device programming or simulation files), and any 
associated documentation or information are expressly subject 
to the terms and conditions of the Intel Program License 
Subscription Agreement, the Intel Quartus Prime License Agreement,
the Intel FPGA IP License Agreement, or other applicable license
agreement, including, without limitation, that your use is for
the sole purpose of programming logic devices manufactured by
Intel and sold by Intel or its authorized distributors.  Please
refer to the applicable agreement for further details, at
https://fpgasoftware.intel.com/eula.



+-------------------------------------------------------------------------------------+
; Analysis & Synthesis Summary                                                        ;
+------------------------------------+------------------------------------------------+
; Analysis & Synthesis Status        ; Successful - Sun Dec 10 00:45:02 2023          ;
; Quartus Prime Version              ; 22.1std.2 Build 922 07/20/2023 SC Lite Edition ;
; Revision Name                      ; SUM_Led                                        ;
; Top-level Entity Name              ; SUM_Led                                        ;
; Family                             ; Cyclone IV E                                   ;
; Total logic elements               ; 161                                            ;
;     Total combinational functions  ; 157                                            ;
;     Dedicated logic registers      ; 87                                             ;
; Total registers                    ; 87                                             ;
; Total pins                         ; 19                                             ;
; Total virtual pins                 ; 0                                              ;
; Total memory bits                  ; 0                                              ;
; Embedded Multiplier 9-bit elements ; 0                                              ;
; Total PLLs                         ; 0                                              ;
+------------------------------------+------------------------------------------------+


+------------------------------------------------------------------------------------------------------------+
; Analysis & Synthesis Settings                                                                              ;
+------------------------------------------------------------------+--------------------+--------------------+
; Option                                                           ; Setting            ; Default Value      ;
+------------------------------------------------------------------+--------------------+--------------------+
; Device                                                           ; EP4CE15F23C8       ;                    ;
; Top-level entity name                                            ; SUM_Led            ; SUM_Led            ;
; Family name                                                      ; Cyclone IV E       ; Cyclone V          ;
; Use smart compilation                                            ; Off                ; Off                ;
; Enable parallel Assembler and Timing Analyzer during compilation ; On                 ; On                 ;
; Enable compact report table                                      ; Off                ; Off                ;
; Restructure Multiplexers                                         ; Auto               ; Auto               ;
; Create Debugging Nodes for IP Cores                              ; Off                ; Off                ;
; Preserve fewer node names                                        ; On                 ; On                 ;
; Intel FPGA IP Evaluation Mode                                    ; Enable             ; Enable             ;
; Verilog Version                                                  ; Verilog_2001       ; Verilog_2001       ;
; VHDL Version                                                     ; VHDL_1993          ; VHDL_1993          ;
; State Machine Processing                                         ; Auto               ; Auto               ;
; Safe State Machine                                               ; Off                ; Off                ;
; Extract Verilog State Machines                                   ; On                 ; On                 ;
; Extract VHDL State Machines                                      ; On                 ; On                 ;
; Ignore Verilog initial constructs                                ; Off                ; Off                ;
; Iteration limit for constant Verilog loops                       ; 5000               ; 5000               ;
; Iteration limit for non-constant Verilog loops                   ; 250                ; 250                ;
; Add Pass-Through Logic to Inferred RAMs                          ; On                 ; On                 ;
; Infer RAMs from Raw Logic                                        ; On                 ; On                 ;
; Parallel Synthesis                                               ; On                 ; On                 ;
; DSP Block Balancing                                              ; Auto               ; Auto               ;
; NOT Gate Push-Back                                               ; On                 ; On                 ;
; Power-Up Don't Care                                              ; On                 ; On                 ;
; Remove Redundant Logic Cells                                     ; Off                ; Off                ;
; Remove Duplicate Registers                                       ; On                 ; On                 ;
; Ignore CARRY Buffers                                             ; Off                ; Off                ;
; Ignore CASCADE Buffers                                           ; Off                ; Off                ;
; Ignore GLOBAL Buffers                                            ; Off                ; Off                ;
; Ignore ROW GLOBAL Buffers                                        ; Off                ; Off                ;
; Ignore LCELL Buffers                                             ; Off                ; Off                ;
; Ignore SOFT Buffers                                              ; On                 ; On                 ;
; Limit AHDL Integers to 32 Bits                                   ; Off                ; Off                ;
; Optimization Technique                                           ; Balanced           ; Balanced           ;
; Carry Chain Length                                               ; 70                 ; 70                 ;
; Auto Carry Chains                                                ; On                 ; On                 ;
; Auto Open-Drain Pins                                             ; On                 ; On                 ;
; Perform WYSIWYG Primitive Resynthesis                            ; Off                ; Off                ;
; Auto ROM Replacement                                             ; On                 ; On                 ;
; Auto RAM Replacement                                             ; On                 ; On                 ;
; Auto DSP Block Replacement                                       ; On                 ; On                 ;
; Auto Shift Register Replacement                                  ; Auto               ; Auto               ;
; Allow Shift Register Merging across Hierarchies                  ; Auto               ; Auto               ;
; Auto Clock Enable Replacement                                    ; On                 ; On                 ;
; Strict RAM Replacement                                           ; Off                ; Off                ;
; Allow Synchronous Control Signals                                ; On                 ; On                 ;
; Force Use of Synchronous Clear Signals                           ; Off                ; Off                ;
; Auto RAM Block Balancing                                         ; On                 ; On                 ;
; Auto RAM to Logic Cell Conversion                                ; Off                ; Off                ;
; Auto Resource Sharing                                            ; Off                ; Off                ;
; Allow Any RAM Size For Recognition                               ; Off                ; Off                ;
; Allow Any ROM Size For Recognition                               ; Off                ; Off                ;
; Allow Any Shift Register Size For Recognition                    ; Off                ; Off                ;
; Use LogicLock Constraints during Resource Balancing              ; On                 ; On                 ;
; Ignore translate_off and synthesis_off directives                ; Off                ; Off                ;
; Timing-Driven Synthesis                                          ; On                 ; On                 ;
; Report Parameter Settings                                        ; On                 ; On                 ;
; Report Source Assignments                                        ; On                 ; On                 ;
; Report Connectivity Checks                                       ; On                 ; On                 ;
; Ignore Maximum Fan-Out Assignments                               ; Off                ; Off                ;
; Synchronization Register Chain Length                            ; 2                  ; 2                  ;
; Power Optimization During Synthesis                              ; Normal compilation ; Normal compilation ;
; HDL message level                                                ; Level2             ; Level2             ;
; Suppress Register Optimization Related Messages                  ; Off                ; Off                ;
; Number of Removed Registers Reported in Synthesis Report         ; 5000               ; 5000               ;
; Number of Swept Nodes Reported in Synthesis Report               ; 5000               ; 5000               ;
; Number of Inverted Registers Reported in Synthesis Report        ; 100                ; 100                ;
; Clock MUX Protection                                             ; On                 ; On                 ;
; Auto Gated Clock Conversion                                      ; Off                ; Off                ;
; Block Design Naming                                              ; Auto               ; Auto               ;
; SDC constraint protection                                        ; Off                ; Off                ;
; Synthesis Effort                                                 ; Auto               ; Auto               ;
; Shift Register Replacement - Allow Asynchronous Clear Signal     ; On                 ; On                 ;
; Pre-Mapping Resynthesis Optimization                             ; Off                ; Off                ;
; Analysis & Synthesis Message Level                               ; Medium             ; Medium             ;
; Disable Register Merging Across Hierarchies                      ; Auto               ; Auto               ;
; Resource Aware Inference For Block RAM                           ; On                 ; On                 ;
+------------------------------------------------------------------+--------------------+--------------------+


+------------------------------------------+
; Parallel Compilation                     ;
+----------------------------+-------------+
; Processors                 ; Number      ;
+----------------------------+-------------+
; Number detected on machine ; 16          ;
; Maximum allowed            ; 16          ;
;                            ;             ;
; Average used               ; 1.00        ;
; Maximum used               ; 16          ;
;                            ;             ;
; Usage by Processor         ; % Time Used ;
;     Processor 1            ; 100.0%      ;
;     Processors 2-16        ;   0.0%      ;
+----------------------------+-------------+


+------------------------------------------------------------------------------------------------------------------------------------------------------------------------------------+
; Analysis & Synthesis Source Files Read                                                                                                                                             ;
+----------------------------------+-----------------+------------------------+--------------------------------------------------------------------------------------------+---------+
; File Name with User-Entered Path ; Used in Netlist ; File Type              ; File Name with Absolute Path                                                               ; Library ;
+----------------------------------+-----------------+------------------------+--------------------------------------------------------------------------------------------+---------+
; ../.v/sum.v                      ; yes             ; User Verilog HDL File  ; D:/Users/Unitn i/Documents/Project/FPGA/course experiment/course experiment_3/.v/sum.v     ;         ;
; ../.v/led.v                      ; yes             ; User Verilog HDL File  ; D:/Users/Unitn i/Documents/Project/FPGA/course experiment/course experiment_3/.v/led.v     ;         ;
; ../.v/SUM_Led.v                  ; yes             ; User Verilog HDL File  ; D:/Users/Unitn i/Documents/Project/FPGA/course experiment/course experiment_3/.v/SUM_Led.v ;         ;
+----------------------------------+-----------------+------------------------+--------------------------------------------------------------------------------------------+---------+


+-------------------------------------------------------------+
; Analysis & Synthesis Resource Usage Summary                 ;
+---------------------------------------------+---------------+
; Resource                                    ; Usage         ;
+---------------------------------------------+---------------+
; Estimated Total logic elements              ; 161           ;
;                                             ;               ;
; Total combinational functions               ; 157           ;
; Logic element usage by number of LUT inputs ;               ;
;     -- 4 input functions                    ; 44            ;
;     -- 3 input functions                    ; 16            ;
;     -- <=2 input functions                  ; 97            ;
;                                             ;               ;
; Logic elements by mode                      ;               ;
;     -- normal mode                          ; 88            ;
;     -- arithmetic mode                      ; 69            ;
;                                             ;               ;
; Total registers                             ; 87            ;
;     -- Dedicated logic registers            ; 87            ;
;     -- I/O registers                        ; 0             ;
;                                             ;               ;
; I/O pins                                    ; 19            ;
;                                             ;               ;
; Embedded Multiplier 9-bit elements          ; 0             ;
;                                             ;               ;
; Maximum fan-out node                        ; sys_clk~input ;
; Maximum fan-out                             ; 87            ;
; Total fan-out                               ; 744           ;
; Average fan-out                             ; 2.64          ;
+---------------------------------------------+---------------+


+----------------------------------------------------------------------------------------------------------------------------------------------------------------------------------------------------------+
; Analysis & Synthesis Resource Utilization by Entity                                                                                                                                                      ;
+----------------------------+---------------------+---------------------------+-------------+--------------+---------+-----------+------+--------------+---------------------+-------------+--------------+
; Compilation Hierarchy Node ; Combinational ALUTs ; Dedicated Logic Registers ; Memory Bits ; DSP Elements ; DSP 9x9 ; DSP 18x18 ; Pins ; Virtual Pins ; Full Hierarchy Name ; Entity Name ; Library Name ;
+----------------------------+---------------------+---------------------------+-------------+--------------+---------+-----------+------+--------------+---------------------+-------------+--------------+
; |SUM_Led                   ; 157 (0)             ; 87 (0)                    ; 0           ; 0            ; 0       ; 0         ; 19   ; 0            ; |SUM_Led            ; SUM_Led     ; work         ;
;    |led:led1|              ; 60 (60)             ; 35 (35)                   ; 0           ; 0            ; 0       ; 0         ; 0    ; 0            ; |SUM_Led|led:led1   ; led         ; work         ;
;    |led:led2|              ; 15 (15)             ; 11 (11)                   ; 0           ; 0            ; 0       ; 0         ; 0    ; 0            ; |SUM_Led|led:led2   ; led         ; work         ;
;    |sum:sum1|              ; 82 (82)             ; 41 (41)                   ; 0           ; 0            ; 0       ; 0         ; 0    ; 0            ; |SUM_Led|sum:sum1   ; sum         ; work         ;
+----------------------------+---------------------+---------------------------+-------------+--------------+---------+-----------+------+--------------+---------------------+-------------+--------------+
Note: For table entries with two numbers listed, the numbers in parentheses indicate the number of resources of the given type used by the specific entity alone. The numbers listed outside of parentheses indicate the total resources of the given type used by the specific entity and all of its sub-entities in the hierarchy.


+---------------------------------------------------------------------------------+
; Registers Removed During Synthesis                                              ;
+----------------------------------------+----------------------------------------+
; Register name                          ; Reason for Removal                     ;
+----------------------------------------+----------------------------------------+
; led:led2|x[4,5]                        ; Stuck at GND due to stuck port data_in ;
; led:led1|x[4,5]                        ; Stuck at GND due to stuck port data_in ;
; led:led2|cnt1[24]                      ; Merged with led:led1|cnt1[24]          ;
; led:led2|cnt1[18]                      ; Merged with led:led1|cnt1[18]          ;
; led:led2|cnt1[16]                      ; Merged with led:led1|cnt1[16]          ;
; led:led2|cnt1[11]                      ; Merged with led:led1|cnt1[11]          ;
; led:led2|cnt1[10]                      ; Merged with led:led1|cnt1[10]          ;
; led:led2|cnt1[9]                       ; Merged with led:led1|cnt1[9]           ;
; led:led2|cnt1[8]                       ; Merged with led:led1|cnt1[8]           ;
; led:led2|cnt1[7]                       ; Merged with led:led1|cnt1[7]           ;
; led:led2|cnt1[25]                      ; Merged with led:led1|cnt1[25]          ;
; led:led2|cnt1[23]                      ; Merged with led:led1|cnt1[23]          ;
; led:led2|cnt1[22]                      ; Merged with led:led1|cnt1[22]          ;
; led:led2|cnt1[21]                      ; Merged with led:led1|cnt1[21]          ;
; led:led2|cnt1[20]                      ; Merged with led:led1|cnt1[20]          ;
; led:led2|cnt1[19]                      ; Merged with led:led1|cnt1[19]          ;
; led:led2|cnt1[17]                      ; Merged with led:led1|cnt1[17]          ;
; led:led2|cnt1[15]                      ; Merged with led:led1|cnt1[15]          ;
; led:led2|cnt1[14]                      ; Merged with led:led1|cnt1[14]          ;
; led:led2|cnt1[13]                      ; Merged with led:led1|cnt1[13]          ;
; led:led2|cnt1[12]                      ; Merged with led:led1|cnt1[12]          ;
; led:led2|cnt1[6]                       ; Merged with led:led1|cnt1[6]           ;
; led:led2|cnt1[5]                       ; Merged with led:led1|cnt1[5]           ;
; led:led2|cnt1[4]                       ; Merged with led:led1|cnt1[4]           ;
; led:led2|cnt1[3]                       ; Merged with led:led1|cnt1[3]           ;
; led:led2|cnt1[2]                       ; Merged with led:led1|cnt1[2]           ;
; led:led2|cnt1[1]                       ; Merged with led:led1|cnt1[1]           ;
; led:led2|cnt1[0]                       ; Merged with led:led1|cnt1[0]           ;
; led:led1|x[2]                          ; Merged with led:led1|x[0]              ;
; led:led2|x[2]                          ; Merged with led:led2|x[0]              ;
; led:led1|x[3]                          ; Merged with led:led1|x[1]              ;
; led:led2|x[3]                          ; Merged with led:led2|x[1]              ;
; led:led1|cnt1[0]                       ; Merged with sum:sum1|t2ms[0]           ;
; led:led1|cnt1[1]                       ; Merged with sum:sum1|t2ms[1]           ;
; Total Number of Removed Registers = 36 ;                                        ;
+----------------------------------------+----------------------------------------+


+------------------------------------------------------+
; General Register Statistics                          ;
+----------------------------------------------+-------+
; Statistic                                    ; Value ;
+----------------------------------------------+-------+
; Total registers                              ; 87    ;
; Number of registers using Synchronous Clear  ; 12    ;
; Number of registers using Synchronous Load   ; 0     ;
; Number of registers using Asynchronous Clear ; 87    ;
; Number of registers using Asynchronous Load  ; 0     ;
; Number of registers using Clock Enable       ; 29    ;
; Number of registers using Preset             ; 0     ;
+----------------------------------------------+-------+


+---------------------------------------------------+
; Inverted Register Statistics                      ;
+-----------------------------------------+---------+
; Inverted Register                       ; Fan out ;
+-----------------------------------------+---------+
; sum:sum1|seg_sel[1]                     ; 6       ;
; sum:sum1|seg_sel[2]                     ; 15      ;
; sum:sum1|seg_sel[3]                     ; 5       ;
; sum:sum1|seg_ment[0]                    ; 1       ;
; sum:sum1|seg_ment[1]                    ; 1       ;
; sum:sum1|seg_ment[2]                    ; 1       ;
; sum:sum1|seg_ment[3]                    ; 1       ;
; sum:sum1|seg_ment[4]                    ; 1       ;
; sum:sum1|seg_ment[5]                    ; 1       ;
; sum:sum1|seg_ment[6]                    ; 1       ;
; led:led1|led_sel[0]                     ; 3       ;
; led:led1|led_sel[2]                     ; 5       ;
; led:led2|led_sel[0]                     ; 3       ;
; led:led2|led_sel[1]                     ; 5       ;
; sum:sum1|sel_data[1]                    ; 7       ;
; sum:sum1|sel_data[2]                    ; 7       ;
; sum:sum1|sel_data[3]                    ; 7       ;
; led:led1|x[0]                           ; 5       ;
; led:led1|x[1]                           ; 4       ;
; led:led2|x[0]                           ; 5       ;
; led:led2|x[1]                           ; 4       ;
; Total number of inverted registers = 21 ;         ;
+-----------------------------------------+---------+


+---------------------------------------------------------------------------------------------------------------------------------------------+
; Multiplexer Restructuring Statistics (Restructuring Performed)                                                                              ;
+--------------------+-----------+---------------+----------------------+------------------------+------------+-------------------------------+
; Multiplexer Inputs ; Bus Width ; Baseline Area ; Area if Restructured ; Saving if Restructured ; Registered ; Example Multiplexer Output    ;
+--------------------+-----------+---------------+----------------------+------------------------+------------+-------------------------------+
; 8:1                ; 2 bits    ; 10 LEs        ; 4 LEs                ; 6 LEs                  ; Yes        ; |SUM_Led|led:led1|x[1]        ;
; 8:1                ; 2 bits    ; 10 LEs        ; 4 LEs                ; 6 LEs                  ; Yes        ; |SUM_Led|led:led2|x[1]        ;
; 18:1               ; 3 bits    ; 36 LEs        ; 9 LEs                ; 27 LEs                 ; Yes        ; |SUM_Led|sum:sum1|sel_data[3] ;
+--------------------+-----------+---------------+----------------------+------------------------+------------+-------------------------------+


+-------------------------------------------------------------------------+
; Parameter Settings for User Entity Instance: Top-level Entity: |SUM_Led ;
+----------------+----------------------------+---------------------------+
; Parameter Name ; Value                      ; Type                      ;
+----------------+----------------------------+---------------------------+
; CNT_MAX        ; 10111110101111000010000000 ; Unsigned Binary           ;
; Red            ; 011                        ; Unsigned Binary           ;
; Yellow         ; 101                        ; Unsigned Binary           ;
; Green          ; 110                        ; Unsigned Binary           ;
+----------------+----------------------------+---------------------------+
Note: In order to hide this table in the UI and the text report file, please set the "Show Parameter Settings in Synthesis Report" option in "Analysis and Synthesis Settings -> More Settings" to "Off".


+---------------------------------------------------------------+
; Parameter Settings for User Entity Instance: led:led1         ;
+----------------+----------------------------+-----------------+
; Parameter Name ; Value                      ; Type            ;
+----------------+----------------------------+-----------------+
; CNT_MAX        ; 10111110101111000010000000 ; Unsigned Binary ;
; CNT_R          ; 00000000000000000000001111 ; Unsigned Binary ;
; CNT_Y          ; 00000000000000000000000101 ; Unsigned Binary ;
; CNT_G          ; 00000000000000000000001010 ; Unsigned Binary ;
+----------------+----------------------------+-----------------+
Note: In order to hide this table in the UI and the text report file, please set the "Show Parameter Settings in Synthesis Report" option in "Analysis and Synthesis Settings -> More Settings" to "Off".


+---------------------------------------------------------------+
; Parameter Settings for User Entity Instance: sum:sum1         ;
+----------------+----------------------------+-----------------+
; Parameter Name ; Value                      ; Type            ;
+----------------+----------------------------+-----------------+
; CNT_MAX        ; 10111110101111000010000000 ; Unsigned Binary ;
+----------------+----------------------------+-----------------+
Note: In order to hide this table in the UI and the text report file, please set the "Show Parameter Settings in Synthesis Report" option in "Analysis and Synthesis Settings -> More Settings" to "Off".


+---------------------------------------------------------------+
; Parameter Settings for User Entity Instance: led:led2         ;
+----------------+----------------------------+-----------------+
; Parameter Name ; Value                      ; Type            ;
+----------------+----------------------------+-----------------+
; CNT_MAX        ; 10111110101111000010000000 ; Unsigned Binary ;
; CNT_R          ; 00000000000000000000001111 ; Unsigned Binary ;
; CNT_Y          ; 00000000000000000000000101 ; Unsigned Binary ;
; CNT_G          ; 00000000000000000000001010 ; Unsigned Binary ;
+----------------+----------------------------+-----------------+
Note: In order to hide this table in the UI and the text report file, please set the "Show Parameter Settings in Synthesis Report" option in "Analysis and Synthesis Settings -> More Settings" to "Off".


+---------------------------------------------+
; Port Connectivity Checks: "led:led2"        ;
+-----------+-------+----------+--------------+
; Port      ; Type  ; Severity ; Details      ;
+-----------+-------+----------+--------------+
; sel[1..0] ; Input ; Info     ; Stuck at VCC ;
; sel[2]    ; Input ; Info     ; Stuck at GND ;
+-----------+-------+----------+--------------+


+------------------------------------------+
; Port Connectivity Checks: "led:led1"     ;
+--------+-------+----------+--------------+
; Port   ; Type  ; Severity ; Details      ;
+--------+-------+----------+--------------+
; sel[2] ; Input ; Info     ; Stuck at VCC ;
; sel[1] ; Input ; Info     ; Stuck at GND ;
; sel[0] ; Input ; Info     ; Stuck at VCC ;
+--------+-------+----------+--------------+


+-----------------------------------------------------+
; Post-Synthesis Netlist Statistics for Top Partition ;
+-----------------------+-----------------------------+
; Type                  ; Count                       ;
+-----------------------+-----------------------------+
; boundary_port         ; 19                          ;
; cycloneiii_ff         ; 87                          ;
;     CLR               ; 58                          ;
;     ENA CLR           ; 17                          ;
;     ENA CLR SCLR      ; 12                          ;
; cycloneiii_lcell_comb ; 171                         ;
;     arith             ; 69                          ;
;         2 data inputs ; 60                          ;
;         3 data inputs ; 9                           ;
;     normal            ; 102                         ;
;         1 data inputs ; 26                          ;
;         2 data inputs ; 25                          ;
;         3 data inputs ; 7                           ;
;         4 data inputs ; 44                          ;
;                       ;                             ;
; Max LUT depth         ; 6.20                        ;
; Average LUT depth     ; 3.22                        ;
+-----------------------+-----------------------------+


+-------------------------------+
; Elapsed Time Per Partition    ;
+----------------+--------------+
; Partition Name ; Elapsed Time ;
+----------------+--------------+
; Top            ; 00:00:00     ;
+----------------+--------------+


+-------------------------------+
; Analysis & Synthesis Messages ;
+-------------------------------+
Info: *******************************************************************
Info: Running Quartus Prime Analysis & Synthesis
    Info: Version 22.1std.2 Build 922 07/20/2023 SC Lite Edition
    Info: Processing started: Sun Dec 10 00:44:54 2023
Info: Command: quartus_map --read_settings_files=on --write_settings_files=off SUM_Led -c SUM_Led
Warning (18236): Number of processors has not been specified which may cause overloading on shared machines.  Set the global assignment NUM_PARALLEL_PROCESSORS in your QSF to an appropriate value for best performance.
Info (20030): Parallel compilation is enabled and will use 16 of the 16 processors detected
Info (12021): Found 1 design units, including 1 entities, in source file /users/unitn i/documents/project/fpga/course experiment/course experiment_3/.v/sum.v
    Info (12023): Found entity 1: sum File: D:/Users/Unitn i/Documents/Project/FPGA/course experiment/course experiment_3/.v/sum.v Line: 5
Info (12021): Found 1 design units, including 1 entities, in source file /users/unitn i/documents/project/fpga/course experiment/course experiment_3/.v/led.v
    Info (12023): Found entity 1: led File: D:/Users/Unitn i/Documents/Project/FPGA/course experiment/course experiment_3/.v/led.v Line: 5
Info (12021): Found 1 design units, including 1 entities, in source file /users/unitn i/documents/project/fpga/course experiment/course experiment_3/.v/sum_led.v
    Info (12023): Found entity 1: SUM_Led File: D:/Users/Unitn i/Documents/Project/FPGA/course experiment/course experiment_3/.v/SUM_Led.v Line: 5
Warning (10236): Verilog HDL Implicit Net warning at sum.v(59): created implicit net for "add_t2ms" File: D:/Users/Unitn i/Documents/Project/FPGA/course experiment/course experiment_3/.v/sum.v Line: 59
Warning (10236): Verilog HDL Implicit Net warning at sum.v(60): created implicit net for "end_t2ms" File: D:/Users/Unitn i/Documents/Project/FPGA/course experiment/course experiment_3/.v/sum.v Line: 60
Warning (10236): Verilog HDL Implicit Net warning at led.v(55): created implicit net for "add_cnt1" File: D:/Users/Unitn i/Documents/Project/FPGA/course experiment/course experiment_3/.v/led.v Line: 55
Warning (10236): Verilog HDL Implicit Net warning at led.v(56): created implicit net for "end_cnt1" File: D:/Users/Unitn i/Documents/Project/FPGA/course experiment/course experiment_3/.v/led.v Line: 56
Warning (10236): Verilog HDL Implicit Net warning at led.v(70): created implicit net for "add_cnt2" File: D:/Users/Unitn i/Documents/Project/FPGA/course experiment/course experiment_3/.v/led.v Line: 70
Warning (10236): Verilog HDL Implicit Net warning at led.v(71): created implicit net for "end_cnt2" File: D:/Users/Unitn i/Documents/Project/FPGA/course experiment/course experiment_3/.v/led.v Line: 71
Info (12127): Elaborating entity "SUM_Led" for the top level hierarchy
Info (12128): Elaborating entity "led" for hierarchy "led:led1" File: D:/Users/Unitn i/Documents/Project/FPGA/course experiment/course experiment_3/.v/SUM_Led.v Line: 53
Warning (10230): Verilog HDL assignment warning at led.v(51): truncated value with size 32 to match size of target (26) File: D:/Users/Unitn i/Documents/Project/FPGA/course experiment/course experiment_3/.v/led.v Line: 51
Warning (10230): Verilog HDL assignment warning at led.v(66): truncated value with size 32 to match size of target (6) File: D:/Users/Unitn i/Documents/Project/FPGA/course experiment/course experiment_3/.v/led.v Line: 66
Warning (10230): Verilog HDL assignment warning at led.v(85): truncated value with size 26 to match size of target (6) File: D:/Users/Unitn i/Documents/Project/FPGA/course experiment/course experiment_3/.v/led.v Line: 85
Warning (10230): Verilog HDL assignment warning at led.v(88): truncated value with size 26 to match size of target (6) File: D:/Users/Unitn i/Documents/Project/FPGA/course experiment/course experiment_3/.v/led.v Line: 88
Warning (10230): Verilog HDL assignment warning at led.v(89): truncated value with size 26 to match size of target (6) File: D:/Users/Unitn i/Documents/Project/FPGA/course experiment/course experiment_3/.v/led.v Line: 89
Warning (10230): Verilog HDL assignment warning at led.v(90): truncated value with size 26 to match size of target (6) File: D:/Users/Unitn i/Documents/Project/FPGA/course experiment/course experiment_3/.v/led.v Line: 90
Info (12128): Elaborating entity "sum" for hierarchy "sum:sum1" File: D:/Users/Unitn i/Documents/Project/FPGA/course experiment/course experiment_3/.v/SUM_Led.v Line: 67
Warning (10230): Verilog HDL assignment warning at sum.v(55): truncated value with size 32 to match size of target (26) File: D:/Users/Unitn i/Documents/Project/FPGA/course experiment/course experiment_3/.v/sum.v Line: 55
Warning (10230): Verilog HDL assignment warning at sum.v(83): truncated value with size 32 to match size of target (4) File: D:/Users/Unitn i/Documents/Project/FPGA/course experiment/course experiment_3/.v/sum.v Line: 83
Warning (10230): Verilog HDL assignment warning at sum.v(84): truncated value with size 32 to match size of target (4) File: D:/Users/Unitn i/Documents/Project/FPGA/course experiment/course experiment_3/.v/sum.v Line: 84
Warning (10230): Verilog HDL assignment warning at sum.v(85): truncated value with size 32 to match size of target (4) File: D:/Users/Unitn i/Documents/Project/FPGA/course experiment/course experiment_3/.v/sum.v Line: 85
Warning (10230): Verilog HDL assignment warning at sum.v(86): truncated value with size 32 to match size of target (4) File: D:/Users/Unitn i/Documents/Project/FPGA/course experiment/course experiment_3/.v/sum.v Line: 86
Info (13000): Registers with preset signals will power-up high File: D:/Users/Unitn i/Documents/Project/FPGA/course experiment/course experiment_3/.v/sum.v Line: 66
Info (13003): DEV_CLRn pin will set, and not reset, register with preset signal due to NOT Gate Push-Back
Info (286030): Timing-Driven Synthesis is running
Info (144001): Generated suppressed messages file D:/Users/Unitn i/Documents/Project/FPGA/course experiment/course experiment_3/quartus/output_files/SUM_Led.map.smsg
Info (16010): Generating hard_block partition "hard_block:auto_generated_inst"
    Info (16011): Adding 0 node(s), including 0 DDIO, 0 PLL, 0 transceiver and 0 LCELL
Info (21057): Implemented 180 device resources after synthesis - the final resource count might be different
    Info (21058): Implemented 2 input pins
    Info (21059): Implemented 17 output pins
    Info (21061): Implemented 161 logic cells
Info: Quartus Prime Analysis & Synthesis was successful. 0 errors, 18 warnings
    Info: Peak virtual memory: 4846 megabytes
    Info: Processing ended: Sun Dec 10 00:45:02 2023
    Info: Elapsed time: 00:00:08
    Info: Total CPU time (on all processors): 00:00:09


+------------------------------------------+
; Analysis & Synthesis Suppressed Messages ;
+------------------------------------------+
The suppressed messages can be found in D:/Users/Unitn i/Documents/Project/FPGA/course experiment/course experiment_3/quartus/output_files/SUM_Led.map.smsg.


